01-30-2020 @ 20:27:33 - Password update initiated..... 
01-30-2020 @ 20:27:33 - A moodle user id is not associated.... Exiting!!!
01-31-2020 @ 04:27:38 - Initiating course & category sync process....
01-31-2020 @ 04:28:02 - Start creating/updating moodle user, Updating: 0
01-31-2020 @ 04:28:02 - Checking if username exists....
01-31-2020 @ 04:28:02 - Start creating/updating moodle user, Updating: 0
01-31-2020 @ 04:28:02 - Checking if username exists....
01-31-2020 @ 04:28:03 - Start creating/updating moodle user, Updating: 0
01-31-2020 @ 04:28:03 - Checking if username exists....
01-31-2020 @ 04:28:05 - Start creating/updating moodle user, Updating: 0
01-31-2020 @ 04:28:05 - Checking if username exists....
01-31-2020 @ 04:28:05 - Start creating/updating moodle user, Updating: 0
01-31-2020 @ 04:28:05 - Checking if username exists....
01-31-2020 @ 04:28:06 - Start creating/updating moodle user, Updating: 0
01-31-2020 @ 04:28:06 - Checking if username exists....
01-31-2020 @ 04:28:06 - Start creating/updating moodle user, Updating: 0
01-31-2020 @ 04:28:06 - Checking if username exists....
01-31-2020 @ 04:28:07 - Start creating/updating moodle user, Updating: 0
01-31-2020 @ 04:28:07 - Checking if username exists....
01-31-2020 @ 04:28:07 - Start creating/updating moodle user, Updating: 0
01-31-2020 @ 04:28:07 - Checking if username exists....
01-31-2020 @ 04:28:07 - Start creating/updating moodle user, Updating: 0
01-31-2020 @ 04:28:07 - Checking if username exists....
01-31-2020 @ 04:28:07 - Start creating/updating moodle user, Updating: 0
01-31-2020 @ 04:28:07 - Checking if username exists....
01-31-2020 @ 04:28:08 - Start creating/updating moodle user, Updating: 0
01-31-2020 @ 04:28:08 - Checking if username exists....
01-31-2020 @ 04:28:08 - Start creating/updating moodle user, Updating: 0
01-31-2020 @ 04:28:08 - Checking if username exists....
01-31-2020 @ 04:28:09 - Start creating/updating moodle user, Updating: 0
01-31-2020 @ 04:28:09 - Checking if username exists....
01-31-2020 @ 04:28:10 - Start creating/updating moodle user, Updating: 0
01-31-2020 @ 04:28:10 - Checking if username exists....
01-31-2020 @ 04:28:10 - Start creating/updating moodle user, Updating: 0
01-31-2020 @ 04:28:10 - Checking if username exists....
01-31-2020 @ 04:28:11 - Start creating/updating moodle user, Updating: 0
01-31-2020 @ 04:28:11 - Checking if username exists....
01-31-2020 @ 04:28:11 - Start creating/updating moodle user, Updating: 0
01-31-2020 @ 04:28:11 - Checking if username exists....
01-31-2020 @ 04:28:11 - Start creating/updating moodle user, Updating: 0
01-31-2020 @ 04:28:11 - Checking if username exists....
01-31-2020 @ 04:28:12 - Start creating/updating moodle user, Updating: 0
01-31-2020 @ 04:28:12 - Checking if username exists....
01-31-2020 @ 04:28:12 - Checking if username exists....
02-01-2020 @ 09:48:15 - Start creating/updating moodle user, Updating: 0
02-01-2020 @ 09:48:15 - Checking if username exists....
02-01-2020 @ 09:48:15 - Start creating/updating moodle user, Updating: 0
02-01-2020 @ 09:48:15 - Checking if username exists....
02-01-2020 @ 09:48:16 - Start creating/updating moodle user, Updating: 0
02-01-2020 @ 09:48:16 - Checking if username exists....
02-01-2020 @ 09:48:18 - Start creating/updating moodle user, Updating: 0
02-01-2020 @ 09:48:18 - Checking if username exists....
02-01-2020 @ 09:48:19 - Start creating/updating moodle user, Updating: 0
02-01-2020 @ 09:48:19 - Checking if username exists....
02-01-2020 @ 09:48:19 - Start creating/updating moodle user, Updating: 0
02-01-2020 @ 09:48:19 - Checking if username exists....
02-01-2020 @ 09:48:19 - Start creating/updating moodle user, Updating: 0
02-01-2020 @ 09:48:19 - Checking if username exists....
02-01-2020 @ 09:48:20 - Start creating/updating moodle user, Updating: 0
02-01-2020 @ 09:48:20 - Checking if username exists....
02-01-2020 @ 09:48:20 - Start creating/updating moodle user, Updating: 0
02-01-2020 @ 09:48:20 - Checking if username exists....
02-01-2020 @ 09:48:20 - Start creating/updating moodle user, Updating: 0
02-01-2020 @ 09:48:20 - Checking if username exists....
02-01-2020 @ 09:48:20 - Start creating/updating moodle user, Updating: 0
02-01-2020 @ 09:48:20 - Checking if username exists....
02-01-2020 @ 09:48:20 - Start creating/updating moodle user, Updating: 0
02-01-2020 @ 09:48:20 - Checking if username exists....
02-01-2020 @ 09:48:21 - Start creating/updating moodle user, Updating: 0
02-01-2020 @ 09:48:21 - Checking if username exists....
02-01-2020 @ 09:48:21 - Start creating/updating moodle user, Updating: 0
02-01-2020 @ 09:48:21 - Checking if username exists....
02-01-2020 @ 09:48:21 - Start creating/updating moodle user, Updating: 0
02-01-2020 @ 09:48:21 - Checking if username exists....
02-01-2020 @ 09:48:21 - Start creating/updating moodle user, Updating: 0
02-01-2020 @ 09:48:21 - Checking if username exists....
02-01-2020 @ 09:48:21 - Start creating/updating moodle user, Updating: 0
02-01-2020 @ 09:48:21 - Checking if username exists....
02-01-2020 @ 09:48:21 - Start creating/updating moodle user, Updating: 0
02-01-2020 @ 09:48:21 - Checking if username exists....
02-01-2020 @ 09:48:22 - Start creating/updating moodle user, Updating: 0
02-01-2020 @ 09:48:22 - Checking if username exists....
02-01-2020 @ 09:48:22 - Start creating/updating moodle user, Updating: 0
02-01-2020 @ 09:48:22 - Checking if username exists....
02-01-2020 @ 09:48:22 - Checking if username exists....
02-02-2020 @ 00:18:52 - Initiating course & category sync process....
02-02-2020 @ 00:19:28 - Start creating/updating moodle user, Updating: 0
02-02-2020 @ 00:19:28 - Checking if username exists....
02-02-2020 @ 00:19:29 - Start creating/updating moodle user, Updating: 0
02-02-2020 @ 00:19:29 - Checking if username exists....
02-02-2020 @ 00:19:29 - Start creating/updating moodle user, Updating: 0
02-02-2020 @ 00:19:29 - Checking if username exists....
02-02-2020 @ 00:19:29 - Start creating/updating moodle user, Updating: 0
02-02-2020 @ 00:19:29 - Checking if username exists....
02-02-2020 @ 00:19:29 - Start creating/updating moodle user, Updating: 0
02-02-2020 @ 00:19:29 - Checking if username exists....
02-02-2020 @ 00:19:29 - Start creating/updating moodle user, Updating: 0
02-02-2020 @ 00:19:29 - Checking if username exists....
02-02-2020 @ 00:19:30 - Start creating/updating moodle user, Updating: 0
02-02-2020 @ 00:19:30 - Checking if username exists....
02-02-2020 @ 00:19:30 - Start creating/updating moodle user, Updating: 0
02-02-2020 @ 00:19:30 - Checking if username exists....
02-02-2020 @ 00:19:32 - Start creating/updating moodle user, Updating: 0
02-02-2020 @ 00:19:32 - Checking if username exists....
02-02-2020 @ 00:19:33 - Start creating/updating moodle user, Updating: 0
02-02-2020 @ 00:19:33 - Checking if username exists....
02-02-2020 @ 00:19:33 - Start creating/updating moodle user, Updating: 0
02-02-2020 @ 00:19:33 - Checking if username exists....
02-02-2020 @ 00:19:34 - Start creating/updating moodle user, Updating: 0
02-02-2020 @ 00:19:34 - Checking if username exists....
02-02-2020 @ 00:19:34 - Start creating/updating moodle user, Updating: 0
02-02-2020 @ 00:19:34 - Checking if username exists....
02-02-2020 @ 00:19:34 - Start creating/updating moodle user, Updating: 0
02-02-2020 @ 00:19:34 - Checking if username exists....
02-02-2020 @ 00:19:34 - Start creating/updating moodle user, Updating: 0
02-02-2020 @ 00:19:34 - Checking if username exists....
02-02-2020 @ 00:19:34 - Start creating/updating moodle user, Updating: 0
02-02-2020 @ 00:19:34 - Checking if username exists....
02-02-2020 @ 00:19:35 - Start creating/updating moodle user, Updating: 0
02-02-2020 @ 00:19:35 - Checking if username exists....
02-02-2020 @ 00:19:35 - Start creating/updating moodle user, Updating: 0
02-02-2020 @ 00:19:35 - Checking if username exists....
02-02-2020 @ 00:19:35 - Start creating/updating moodle user, Updating: 0
02-02-2020 @ 00:19:35 - Checking if username exists....
02-02-2020 @ 00:19:35 - Start creating/updating moodle user, Updating: 0
02-02-2020 @ 00:19:35 - Checking if username exists....
02-02-2020 @ 00:19:35 - Checking if username exists....
02-02-2020 @ 00:20:05 - Start creating/updating moodle user, Updating: 0
02-02-2020 @ 00:20:05 - Checking if username exists....
02-02-2020 @ 00:20:13 - Start creating/updating moodle user, Updating: 0
02-02-2020 @ 00:20:13 - Checking if username exists....
02-02-2020 @ 00:20:23 - Start creating/updating moodle user, Updating: 0
02-02-2020 @ 00:20:23 - Checking if username exists....
02-02-2020 @ 00:58:56 - Password update initiated..... 
02-02-2020 @ 00:58:56 - Start creating/updating moodle user, Updating: 1
02-02-2020 @ 01:10:12 - Start creating/updating moodle user, Updating: 0
02-02-2020 @ 01:10:12 - Checking if username exists....
02-02-2020 @ 01:10:12 - Start creating/updating moodle user, Updating: 0
02-02-2020 @ 01:10:12 - Checking if username exists....
02-02-2020 @ 01:10:12 - Start creating/updating moodle user, Updating: 0
02-02-2020 @ 01:10:12 - Checking if username exists....
02-02-2020 @ 01:10:14 - Start creating/updating moodle user, Updating: 0
02-02-2020 @ 01:10:14 - Checking if username exists....
02-02-2020 @ 01:10:15 - Start creating/updating moodle user, Updating: 0
02-02-2020 @ 01:10:15 - Checking if username exists....
02-02-2020 @ 01:10:15 - Start creating/updating moodle user, Updating: 0
02-02-2020 @ 01:10:15 - Checking if username exists....
02-02-2020 @ 01:10:16 - Start creating/updating moodle user, Updating: 0
02-02-2020 @ 01:10:16 - Checking if username exists....
02-02-2020 @ 01:10:16 - Start creating/updating moodle user, Updating: 0
02-02-2020 @ 01:10:16 - Checking if username exists....
02-02-2020 @ 01:10:16 - Start creating/updating moodle user, Updating: 0
02-02-2020 @ 01:10:16 - Checking if username exists....
02-02-2020 @ 01:10:17 - Start creating/updating moodle user, Updating: 0
02-02-2020 @ 01:10:17 - Checking if username exists....
02-02-2020 @ 01:10:17 - Start creating/updating moodle user, Updating: 0
02-02-2020 @ 01:10:17 - Checking if username exists....
02-02-2020 @ 01:10:17 - Start creating/updating moodle user, Updating: 0
02-02-2020 @ 01:10:17 - Checking if username exists....
02-02-2020 @ 01:10:17 - Start creating/updating moodle user, Updating: 0
02-02-2020 @ 01:10:17 - Checking if username exists....
02-02-2020 @ 01:10:18 - Start creating/updating moodle user, Updating: 0
02-02-2020 @ 01:10:18 - Checking if username exists....
02-02-2020 @ 01:10:19 - Start creating/updating moodle user, Updating: 0
02-02-2020 @ 01:10:19 - Checking if username exists....
02-02-2020 @ 01:10:19 - Start creating/updating moodle user, Updating: 0
02-02-2020 @ 01:10:19 - Checking if username exists....
02-02-2020 @ 01:10:20 - Start creating/updating moodle user, Updating: 0
02-02-2020 @ 01:10:20 - Checking if username exists....
02-02-2020 @ 01:10:20 - Start creating/updating moodle user, Updating: 0
02-02-2020 @ 01:10:20 - Checking if username exists....
02-02-2020 @ 01:10:21 - Start creating/updating moodle user, Updating: 0
02-02-2020 @ 01:10:21 - Checking if username exists....
02-02-2020 @ 01:10:21 - Checking if username exists....
