12-17-2019 @ 20:09:28 - Initiating course & category sync process....
12-17-2019 @ 20:16:45 - Initiating course & category sync process....
12-17-2019 @ 20:34:00 - Start creating/updating moodle user, Updating: 0
12-17-2019 @ 20:34:00 - Checking if username exists....
12-17-2019 @ 20:34:01 - Associated moodle a/c found? :Yes, Moodle user ID is: 3
12-17-2019 @ 20:34:01 - Course IDs: a:1:{i:0;s:4:"2274";}
12-17-2019 @ 20:34:01 - Respective moodle course IDs: a:1:{i:2274;s:0:"";}
12-17-2019 @ 20:34:01 - 

12-17-2019 @ 20:34:12 - Associated moodle a/c found? :Yes, Moodle user ID is: 3
12-17-2019 @ 20:34:12 - Course IDs: a:1:{i:0;s:4:"2274";}
12-17-2019 @ 20:34:12 - Respective moodle course IDs: a:1:{i:2274;s:0:"";}
12-17-2019 @ 20:34:12 - 

12-17-2019 @ 20:36:12 - Associated moodle a/c found? :Yes, Moodle user ID is: 3
12-17-2019 @ 20:36:12 - Course IDs: a:1:{i:0;s:4:"2274";}
12-17-2019 @ 20:36:12 - Respective moodle course IDs: a:1:{i:2274;s:0:"";}
12-17-2019 @ 20:36:12 - 

12-17-2019 @ 20:40:52 - Start creating/updating moodle user, Updating: 0
12-17-2019 @ 20:40:52 - Checking if username exists....
12-17-2019 @ 20:40:52 - Start creating/updating moodle user, Updating: 0
12-17-2019 @ 20:40:52 - Checking if username exists....
12-17-2019 @ 20:40:52 - Start creating/updating moodle user, Updating: 0
12-17-2019 @ 20:40:52 - Checking if username exists....
12-17-2019 @ 20:40:53 - Start creating/updating moodle user, Updating: 0
12-17-2019 @ 20:40:53 - Checking if username exists....
12-17-2019 @ 20:40:53 - Start creating/updating moodle user, Updating: 0
12-17-2019 @ 20:40:53 - Checking if username exists....
12-17-2019 @ 20:40:53 - Start creating/updating moodle user, Updating: 0
12-17-2019 @ 20:40:53 - Checking if username exists....
12-17-2019 @ 20:40:53 - Start creating/updating moodle user, Updating: 0
12-17-2019 @ 20:40:53 - Checking if username exists....
12-17-2019 @ 20:40:54 - Start creating/updating moodle user, Updating: 0
12-17-2019 @ 20:40:54 - Checking if username exists....
12-17-2019 @ 20:40:54 - Start creating/updating moodle user, Updating: 0
12-17-2019 @ 20:40:54 - Checking if username exists....
12-17-2019 @ 20:40:54 - Start creating/updating moodle user, Updating: 0
12-17-2019 @ 20:40:54 - Checking if username exists....
12-17-2019 @ 20:40:55 - Start creating/updating moodle user, Updating: 0
12-17-2019 @ 20:40:55 - Checking if username exists....
12-17-2019 @ 20:40:55 - Start creating/updating moodle user, Updating: 0
12-17-2019 @ 20:40:55 - Checking if username exists....
12-17-2019 @ 20:40:55 - Start creating/updating moodle user, Updating: 0
12-17-2019 @ 20:40:55 - Checking if username exists....
12-17-2019 @ 20:40:56 - Start creating/updating moodle user, Updating: 0
12-17-2019 @ 20:40:56 - Checking if username exists....
12-17-2019 @ 20:40:56 - Start creating/updating moodle user, Updating: 0
12-17-2019 @ 20:40:56 - Checking if username exists....
12-17-2019 @ 20:40:56 - Start creating/updating moodle user, Updating: 0
12-17-2019 @ 20:40:56 - Checking if username exists....
12-17-2019 @ 20:40:57 - Start creating/updating moodle user, Updating: 0
12-17-2019 @ 20:40:57 - Checking if username exists....
12-17-2019 @ 20:40:57 - Start creating/updating moodle user, Updating: 0
12-17-2019 @ 20:40:57 - Checking if username exists....
12-17-2019 @ 20:41:08 - Initiating course & category sync process....
12-17-2019 @ 20:41:24 - Start creating/updating moodle user, Updating: 0
12-17-2019 @ 20:41:24 - Checking if username exists....
12-17-2019 @ 20:41:25 - Start creating/updating moodle user, Updating: 0
12-17-2019 @ 20:41:25 - Checking if username exists....
12-17-2019 @ 20:41:25 - Start creating/updating moodle user, Updating: 0
12-17-2019 @ 20:41:25 - Checking if username exists....
12-17-2019 @ 20:41:25 - Start creating/updating moodle user, Updating: 0
12-17-2019 @ 20:41:25 - Checking if username exists....
12-17-2019 @ 20:41:26 - Start creating/updating moodle user, Updating: 0
12-17-2019 @ 20:41:26 - Checking if username exists....
12-17-2019 @ 20:41:26 - Start creating/updating moodle user, Updating: 0
12-17-2019 @ 20:41:26 - Checking if username exists....
12-17-2019 @ 20:41:26 - Start creating/updating moodle user, Updating: 0
12-17-2019 @ 20:41:26 - Checking if username exists....
12-17-2019 @ 20:41:26 - Start creating/updating moodle user, Updating: 0
12-17-2019 @ 20:41:26 - Checking if username exists....
12-17-2019 @ 20:41:27 - Start creating/updating moodle user, Updating: 0
12-17-2019 @ 20:41:27 - Checking if username exists....
12-17-2019 @ 20:41:27 - Start creating/updating moodle user, Updating: 0
12-17-2019 @ 20:41:27 - Checking if username exists....
12-17-2019 @ 20:41:27 - Start creating/updating moodle user, Updating: 0
12-17-2019 @ 20:41:27 - Checking if username exists....
12-17-2019 @ 20:41:28 - Start creating/updating moodle user, Updating: 0
12-17-2019 @ 20:41:28 - Checking if username exists....
12-17-2019 @ 20:41:28 - Start creating/updating moodle user, Updating: 0
12-17-2019 @ 20:41:28 - Checking if username exists....
12-17-2019 @ 20:41:28 - Start creating/updating moodle user, Updating: 0
12-17-2019 @ 20:41:28 - Checking if username exists....
12-17-2019 @ 20:41:29 - Start creating/updating moodle user, Updating: 0
12-17-2019 @ 20:41:29 - Checking if username exists....
12-17-2019 @ 20:41:29 - Start creating/updating moodle user, Updating: 0
12-17-2019 @ 20:41:29 - Checking if username exists....
12-17-2019 @ 20:41:29 - Start creating/updating moodle user, Updating: 0
12-17-2019 @ 20:41:29 - Checking if username exists....
12-17-2019 @ 20:41:29 - Start creating/updating moodle user, Updating: 0
12-17-2019 @ 20:41:29 - Checking if username exists....
12-17-2019 @ 20:53:55 - Associated moodle a/c found? :Yes, Moodle user ID is: 3
12-17-2019 @ 20:53:55 - Course IDs: a:1:{i:0;s:4:"2279";}
12-17-2019 @ 20:53:55 - Respective moodle course IDs: a:1:{i:2279;s:0:"";}
12-17-2019 @ 20:53:55 - 

12-17-2019 @ 20:56:32 - Initiating course & category sync process....
12-17-2019 @ 20:57:18 - Start creating/updating moodle user, Updating: 0
12-17-2019 @ 20:57:18 - Checking if username exists....
12-17-2019 @ 20:57:18 - Start creating/updating moodle user, Updating: 0
12-17-2019 @ 20:57:18 - Checking if username exists....
12-17-2019 @ 20:57:18 - Start creating/updating moodle user, Updating: 0
12-17-2019 @ 20:57:18 - Checking if username exists....
12-17-2019 @ 20:57:19 - Start creating/updating moodle user, Updating: 0
12-17-2019 @ 20:57:19 - Checking if username exists....
12-17-2019 @ 20:57:19 - Start creating/updating moodle user, Updating: 0
12-17-2019 @ 20:57:19 - Checking if username exists....
12-17-2019 @ 20:57:19 - Start creating/updating moodle user, Updating: 0
12-17-2019 @ 20:57:19 - Checking if username exists....
12-17-2019 @ 20:57:20 - Start creating/updating moodle user, Updating: 0
12-17-2019 @ 20:57:20 - Checking if username exists....
12-17-2019 @ 20:57:20 - Start creating/updating moodle user, Updating: 0
12-17-2019 @ 20:57:20 - Checking if username exists....
12-17-2019 @ 20:57:20 - Start creating/updating moodle user, Updating: 0
12-17-2019 @ 20:57:20 - Checking if username exists....
12-17-2019 @ 20:57:21 - Start creating/updating moodle user, Updating: 0
12-17-2019 @ 20:57:21 - Checking if username exists....
12-17-2019 @ 20:57:21 - Start creating/updating moodle user, Updating: 0
12-17-2019 @ 20:57:21 - Checking if username exists....
12-17-2019 @ 20:57:21 - Start creating/updating moodle user, Updating: 0
12-17-2019 @ 20:57:21 - Checking if username exists....
12-17-2019 @ 20:57:21 - Start creating/updating moodle user, Updating: 0
12-17-2019 @ 20:57:21 - Checking if username exists....
12-17-2019 @ 20:57:22 - Start creating/updating moodle user, Updating: 0
12-17-2019 @ 20:57:22 - Checking if username exists....
12-17-2019 @ 20:57:22 - Start creating/updating moodle user, Updating: 0
12-17-2019 @ 20:57:22 - Checking if username exists....
12-17-2019 @ 20:57:22 - Start creating/updating moodle user, Updating: 0
12-17-2019 @ 20:57:22 - Checking if username exists....
12-17-2019 @ 20:57:23 - Start creating/updating moodle user, Updating: 0
12-17-2019 @ 20:57:23 - Checking if username exists....
12-17-2019 @ 20:57:23 - Start creating/updating moodle user, Updating: 0
12-17-2019 @ 20:57:23 - Checking if username exists....
12-17-2019 @ 20:57:24 - Start creating/updating moodle user, Updating: 0
12-17-2019 @ 20:57:24 - Checking if username exists....
12-17-2019 @ 20:57:25 - Start creating/updating moodle user, Updating: 0
12-17-2019 @ 20:57:25 - Checking if username exists....
12-17-2019 @ 20:57:25 - Start creating/updating moodle user, Updating: 0
12-17-2019 @ 20:57:25 - Checking if username exists....
12-17-2019 @ 20:57:25 - Start creating/updating moodle user, Updating: 0
12-17-2019 @ 20:57:25 - Checking if username exists....
12-17-2019 @ 20:57:26 - Start creating/updating moodle user, Updating: 0
12-17-2019 @ 20:57:26 - Checking if username exists....
12-17-2019 @ 20:57:26 - Start creating/updating moodle user, Updating: 0
12-17-2019 @ 20:57:26 - Checking if username exists....
12-17-2019 @ 20:57:26 - Start creating/updating moodle user, Updating: 0
12-17-2019 @ 20:57:26 - Checking if username exists....
12-17-2019 @ 20:57:27 - Start creating/updating moodle user, Updating: 0
12-17-2019 @ 20:57:27 - Checking if username exists....
12-17-2019 @ 20:57:27 - Start creating/updating moodle user, Updating: 0
12-17-2019 @ 20:57:27 - Checking if username exists....
12-17-2019 @ 20:57:27 - Start creating/updating moodle user, Updating: 0
12-17-2019 @ 20:57:27 - Checking if username exists....
12-17-2019 @ 20:57:27 - Start creating/updating moodle user, Updating: 0
12-17-2019 @ 20:57:27 - Checking if username exists....
12-17-2019 @ 20:57:28 - Start creating/updating moodle user, Updating: 0
12-17-2019 @ 20:57:28 - Checking if username exists....
12-17-2019 @ 20:57:28 - Start creating/updating moodle user, Updating: 0
12-17-2019 @ 20:57:28 - Checking if username exists....
12-17-2019 @ 20:57:28 - Start creating/updating moodle user, Updating: 0
12-17-2019 @ 20:57:28 - Checking if username exists....
12-17-2019 @ 20:57:29 - Start creating/updating moodle user, Updating: 0
12-17-2019 @ 20:57:29 - Checking if username exists....
12-17-2019 @ 20:57:29 - Start creating/updating moodle user, Updating: 0
12-17-2019 @ 20:57:29 - Checking if username exists....
12-17-2019 @ 20:57:29 - Start creating/updating moodle user, Updating: 0
12-17-2019 @ 20:57:29 - Checking if username exists....
12-17-2019 @ 20:57:30 - Start creating/updating moodle user, Updating: 0
12-17-2019 @ 20:57:30 - Checking if username exists....
12-17-2019 @ 21:11:25 - Initiating course & category sync process....
12-17-2019 @ 21:11:45 - Start creating/updating moodle user, Updating: 0
12-17-2019 @ 21:11:45 - Checking if username exists....
12-17-2019 @ 21:11:45 - Start creating/updating moodle user, Updating: 0
12-17-2019 @ 21:11:45 - Checking if username exists....
12-17-2019 @ 21:11:45 - Start creating/updating moodle user, Updating: 0
12-17-2019 @ 21:11:45 - Checking if username exists....
12-17-2019 @ 21:11:45 - Start creating/updating moodle user, Updating: 0
12-17-2019 @ 21:11:45 - Checking if username exists....
12-17-2019 @ 21:11:46 - Start creating/updating moodle user, Updating: 0
12-17-2019 @ 21:11:46 - Checking if username exists....
12-17-2019 @ 21:11:46 - Start creating/updating moodle user, Updating: 0
12-17-2019 @ 21:11:46 - Checking if username exists....
12-17-2019 @ 21:11:46 - Start creating/updating moodle user, Updating: 0
12-17-2019 @ 21:11:46 - Checking if username exists....
12-17-2019 @ 21:11:47 - Start creating/updating moodle user, Updating: 0
12-17-2019 @ 21:11:47 - Checking if username exists....
12-17-2019 @ 21:11:47 - Start creating/updating moodle user, Updating: 0
12-17-2019 @ 21:11:47 - Checking if username exists....
12-17-2019 @ 21:11:47 - Start creating/updating moodle user, Updating: 0
12-17-2019 @ 21:11:47 - Checking if username exists....
12-17-2019 @ 21:11:48 - Start creating/updating moodle user, Updating: 0
12-17-2019 @ 21:11:48 - Checking if username exists....
12-17-2019 @ 21:11:48 - Start creating/updating moodle user, Updating: 0
12-17-2019 @ 21:11:48 - Checking if username exists....
12-17-2019 @ 21:11:48 - Start creating/updating moodle user, Updating: 0
12-17-2019 @ 21:11:48 - Checking if username exists....
12-17-2019 @ 21:11:49 - Start creating/updating moodle user, Updating: 0
12-17-2019 @ 21:11:49 - Checking if username exists....
12-17-2019 @ 21:11:49 - Start creating/updating moodle user, Updating: 0
12-17-2019 @ 21:11:49 - Checking if username exists....
12-17-2019 @ 21:11:49 - Start creating/updating moodle user, Updating: 0
12-17-2019 @ 21:11:49 - Checking if username exists....
12-17-2019 @ 21:11:49 - Start creating/updating moodle user, Updating: 0
12-17-2019 @ 21:11:49 - Checking if username exists....
12-17-2019 @ 21:11:50 - Start creating/updating moodle user, Updating: 0
12-17-2019 @ 21:11:50 - Checking if username exists....
12-18-2019 @ 23:29:31 - Initiating course & category sync process....
12-18-2019 @ 23:29:46 - Start creating/updating moodle user, Updating: 0
12-18-2019 @ 23:29:46 - Checking if username exists....
12-18-2019 @ 23:29:46 - Start creating/updating moodle user, Updating: 0
12-18-2019 @ 23:29:46 - Checking if username exists....
12-18-2019 @ 23:29:47 - Start creating/updating moodle user, Updating: 0
12-18-2019 @ 23:29:47 - Checking if username exists....
12-18-2019 @ 23:29:47 - Start creating/updating moodle user, Updating: 0
12-18-2019 @ 23:29:47 - Checking if username exists....
12-18-2019 @ 23:29:47 - Start creating/updating moodle user, Updating: 0
12-18-2019 @ 23:29:47 - Checking if username exists....
12-18-2019 @ 23:29:48 - Start creating/updating moodle user, Updating: 0
12-18-2019 @ 23:29:48 - Checking if username exists....
12-18-2019 @ 23:29:48 - Start creating/updating moodle user, Updating: 0
12-18-2019 @ 23:29:48 - Checking if username exists....
12-18-2019 @ 23:29:48 - Start creating/updating moodle user, Updating: 0
12-18-2019 @ 23:29:48 - Checking if username exists....
12-18-2019 @ 23:29:49 - Start creating/updating moodle user, Updating: 0
12-18-2019 @ 23:29:49 - Checking if username exists....
12-18-2019 @ 23:29:49 - Start creating/updating moodle user, Updating: 0
12-18-2019 @ 23:29:49 - Checking if username exists....
12-18-2019 @ 23:29:49 - Start creating/updating moodle user, Updating: 0
12-18-2019 @ 23:29:49 - Checking if username exists....
12-18-2019 @ 23:29:50 - Start creating/updating moodle user, Updating: 0
12-18-2019 @ 23:29:50 - Checking if username exists....
12-18-2019 @ 23:29:50 - Start creating/updating moodle user, Updating: 0
12-18-2019 @ 23:29:50 - Checking if username exists....
12-18-2019 @ 23:29:50 - Start creating/updating moodle user, Updating: 0
12-18-2019 @ 23:29:50 - Checking if username exists....
12-18-2019 @ 23:29:50 - Start creating/updating moodle user, Updating: 0
12-18-2019 @ 23:29:50 - Checking if username exists....
12-18-2019 @ 23:29:51 - Start creating/updating moodle user, Updating: 0
12-18-2019 @ 23:29:51 - Checking if username exists....
12-18-2019 @ 23:29:51 - Start creating/updating moodle user, Updating: 0
12-18-2019 @ 23:29:51 - Checking if username exists....
12-18-2019 @ 23:33:45 - Start creating/updating moodle user, Updating: 0
12-18-2019 @ 23:33:45 - Checking if username exists....
12-18-2019 @ 23:33:50 - Start creating/updating moodle user, Updating: 0
12-18-2019 @ 23:33:50 - Checking if username exists....
12-18-2019 @ 23:33:58 - Start creating/updating moodle user, Updating: 0
12-18-2019 @ 23:33:58 - Checking if username exists....
12-18-2019 @ 23:34:27 - Start creating/updating moodle user, Updating: 0
12-18-2019 @ 23:34:27 - Checking if username exists....
12-18-2019 @ 23:34:32 - Start creating/updating moodle user, Updating: 0
12-18-2019 @ 23:34:32 - Checking if username exists....
12-18-2019 @ 23:40:35 - Start creating/updating moodle user, Updating: 0
12-18-2019 @ 23:40:35 - Checking if username exists....
12-18-2019 @ 23:40:36 - Start creating/updating moodle user, Updating: 0
12-18-2019 @ 23:40:36 - Checking if username exists....
12-18-2019 @ 23:40:36 - Start creating/updating moodle user, Updating: 0
12-18-2019 @ 23:40:36 - Checking if username exists....
12-18-2019 @ 23:40:36 - Start creating/updating moodle user, Updating: 0
12-18-2019 @ 23:40:36 - Checking if username exists....
12-18-2019 @ 23:40:37 - Start creating/updating moodle user, Updating: 0
12-18-2019 @ 23:40:37 - Checking if username exists....
12-18-2019 @ 23:40:37 - Start creating/updating moodle user, Updating: 0
12-18-2019 @ 23:40:37 - Checking if username exists....
12-18-2019 @ 23:40:37 - Start creating/updating moodle user, Updating: 0
12-18-2019 @ 23:40:37 - Checking if username exists....
12-18-2019 @ 23:40:38 - Start creating/updating moodle user, Updating: 0
12-18-2019 @ 23:40:38 - Checking if username exists....
12-18-2019 @ 23:40:38 - Start creating/updating moodle user, Updating: 0
12-18-2019 @ 23:40:38 - Checking if username exists....
12-18-2019 @ 23:40:38 - Start creating/updating moodle user, Updating: 0
12-18-2019 @ 23:40:38 - Checking if username exists....
12-18-2019 @ 23:40:38 - Start creating/updating moodle user, Updating: 0
12-18-2019 @ 23:40:38 - Checking if username exists....
12-18-2019 @ 23:40:39 - Start creating/updating moodle user, Updating: 0
12-18-2019 @ 23:40:39 - Checking if username exists....
12-18-2019 @ 23:40:39 - Start creating/updating moodle user, Updating: 0
12-18-2019 @ 23:40:39 - Checking if username exists....
12-18-2019 @ 23:40:39 - Start creating/updating moodle user, Updating: 0
12-18-2019 @ 23:40:39 - Checking if username exists....
12-18-2019 @ 23:40:40 - Start creating/updating moodle user, Updating: 0
12-18-2019 @ 23:40:40 - Checking if username exists....
12-18-2019 @ 23:40:40 - Start creating/updating moodle user, Updating: 0
12-18-2019 @ 23:40:40 - Checking if username exists....
12-18-2019 @ 23:40:40 - Start creating/updating moodle user, Updating: 0
12-18-2019 @ 23:40:40 - Checking if username exists....
12-18-2019 @ 23:40:41 - Start creating/updating moodle user, Updating: 0
12-18-2019 @ 23:40:41 - Checking if username exists....
12-18-2019 @ 23:40:47 - Start creating/updating moodle user, Updating: 0
12-18-2019 @ 23:40:47 - Checking if username exists....
12-18-2019 @ 23:40:47 - Start creating/updating moodle user, Updating: 0
12-18-2019 @ 23:40:47 - Checking if username exists....
12-18-2019 @ 23:40:48 - Start creating/updating moodle user, Updating: 0
12-18-2019 @ 23:40:48 - Checking if username exists....
12-18-2019 @ 23:40:48 - Start creating/updating moodle user, Updating: 0
12-18-2019 @ 23:40:48 - Checking if username exists....
12-18-2019 @ 23:40:48 - Start creating/updating moodle user, Updating: 0
12-18-2019 @ 23:40:48 - Checking if username exists....
12-18-2019 @ 23:40:48 - Start creating/updating moodle user, Updating: 0
12-18-2019 @ 23:40:48 - Checking if username exists....
12-18-2019 @ 23:40:49 - Start creating/updating moodle user, Updating: 0
12-18-2019 @ 23:40:49 - Checking if username exists....
12-18-2019 @ 23:40:49 - Start creating/updating moodle user, Updating: 0
12-18-2019 @ 23:40:49 - Checking if username exists....
12-18-2019 @ 23:40:49 - Start creating/updating moodle user, Updating: 0
12-18-2019 @ 23:40:49 - Checking if username exists....
12-18-2019 @ 23:40:50 - Start creating/updating moodle user, Updating: 0
12-18-2019 @ 23:40:50 - Checking if username exists....
12-18-2019 @ 23:40:50 - Start creating/updating moodle user, Updating: 0
12-18-2019 @ 23:40:50 - Checking if username exists....
12-18-2019 @ 23:40:50 - Start creating/updating moodle user, Updating: 0
12-18-2019 @ 23:40:50 - Checking if username exists....
12-18-2019 @ 23:40:51 - Start creating/updating moodle user, Updating: 0
12-18-2019 @ 23:40:51 - Checking if username exists....
12-18-2019 @ 23:40:51 - Start creating/updating moodle user, Updating: 0
12-18-2019 @ 23:40:51 - Checking if username exists....
12-18-2019 @ 23:40:51 - Start creating/updating moodle user, Updating: 0
12-18-2019 @ 23:40:51 - Checking if username exists....
12-18-2019 @ 23:40:52 - Start creating/updating moodle user, Updating: 0
12-18-2019 @ 23:40:52 - Checking if username exists....
12-18-2019 @ 23:40:52 - Start creating/updating moodle user, Updating: 0
12-18-2019 @ 23:40:52 - Checking if username exists....
12-18-2019 @ 23:40:52 - Start creating/updating moodle user, Updating: 0
12-18-2019 @ 23:40:52 - Checking if username exists....
12-18-2019 @ 23:41:15 - Start creating/updating moodle user, Updating: 0
12-18-2019 @ 23:41:15 - Checking if username exists....
12-18-2019 @ 23:41:16 - Start creating/updating moodle user, Updating: 0
12-18-2019 @ 23:41:16 - Checking if username exists....
12-18-2019 @ 23:41:16 - Start creating/updating moodle user, Updating: 0
12-18-2019 @ 23:41:16 - Checking if username exists....
12-18-2019 @ 23:41:16 - Start creating/updating moodle user, Updating: 0
12-18-2019 @ 23:41:16 - Checking if username exists....
12-18-2019 @ 23:41:16 - Start creating/updating moodle user, Updating: 0
12-18-2019 @ 23:41:16 - Checking if username exists....
12-18-2019 @ 23:41:17 - Start creating/updating moodle user, Updating: 0
12-18-2019 @ 23:41:17 - Checking if username exists....
12-18-2019 @ 23:41:17 - Start creating/updating moodle user, Updating: 0
12-18-2019 @ 23:41:17 - Checking if username exists....
12-18-2019 @ 23:41:17 - Start creating/updating moodle user, Updating: 0
12-18-2019 @ 23:41:17 - Checking if username exists....
12-18-2019 @ 23:41:18 - Start creating/updating moodle user, Updating: 0
12-18-2019 @ 23:41:18 - Checking if username exists....
12-18-2019 @ 23:41:18 - Start creating/updating moodle user, Updating: 0
12-18-2019 @ 23:41:18 - Checking if username exists....
12-18-2019 @ 23:41:18 - Start creating/updating moodle user, Updating: 0
12-18-2019 @ 23:41:18 - Checking if username exists....
12-18-2019 @ 23:41:19 - Start creating/updating moodle user, Updating: 0
12-18-2019 @ 23:41:19 - Checking if username exists....
12-18-2019 @ 23:41:19 - Start creating/updating moodle user, Updating: 0
12-18-2019 @ 23:41:19 - Checking if username exists....
12-18-2019 @ 23:41:19 - Start creating/updating moodle user, Updating: 0
12-18-2019 @ 23:41:19 - Checking if username exists....
12-18-2019 @ 23:41:20 - Start creating/updating moodle user, Updating: 0
12-18-2019 @ 23:41:20 - Checking if username exists....
12-18-2019 @ 23:41:20 - Start creating/updating moodle user, Updating: 0
12-18-2019 @ 23:41:20 - Checking if username exists....
12-18-2019 @ 23:41:20 - Start creating/updating moodle user, Updating: 0
12-18-2019 @ 23:41:20 - Checking if username exists....
12-18-2019 @ 23:41:21 - Start creating/updating moodle user, Updating: 0
12-18-2019 @ 23:41:21 - Checking if username exists....
12-18-2019 @ 23:44:39 - Start creating/updating moodle user, Updating: 0
12-18-2019 @ 23:44:39 - Checking if username exists....
12-18-2019 @ 23:44:39 - Start creating/updating moodle user, Updating: 0
12-18-2019 @ 23:44:39 - Checking if username exists....
12-18-2019 @ 23:44:39 - Start creating/updating moodle user, Updating: 0
12-18-2019 @ 23:44:39 - Checking if username exists....
12-18-2019 @ 23:44:40 - Start creating/updating moodle user, Updating: 0
12-18-2019 @ 23:44:40 - Checking if username exists....
12-18-2019 @ 23:44:40 - Start creating/updating moodle user, Updating: 0
12-18-2019 @ 23:44:40 - Checking if username exists....
12-18-2019 @ 23:44:40 - Start creating/updating moodle user, Updating: 0
12-18-2019 @ 23:44:40 - Checking if username exists....
12-18-2019 @ 23:44:40 - Start creating/updating moodle user, Updating: 0
12-18-2019 @ 23:44:40 - Checking if username exists....
12-18-2019 @ 23:44:41 - Start creating/updating moodle user, Updating: 0
12-18-2019 @ 23:44:41 - Checking if username exists....
12-18-2019 @ 23:44:41 - Start creating/updating moodle user, Updating: 0
12-18-2019 @ 23:44:41 - Checking if username exists....
12-18-2019 @ 23:44:41 - Start creating/updating moodle user, Updating: 0
12-18-2019 @ 23:44:41 - Checking if username exists....
12-18-2019 @ 23:44:42 - Start creating/updating moodle user, Updating: 0
12-18-2019 @ 23:44:42 - Checking if username exists....
12-18-2019 @ 23:44:42 - Start creating/updating moodle user, Updating: 0
12-18-2019 @ 23:44:42 - Checking if username exists....
12-18-2019 @ 23:44:42 - Start creating/updating moodle user, Updating: 0
12-18-2019 @ 23:44:42 - Checking if username exists....
12-18-2019 @ 23:44:43 - Start creating/updating moodle user, Updating: 0
12-18-2019 @ 23:44:43 - Checking if username exists....
12-18-2019 @ 23:44:43 - Start creating/updating moodle user, Updating: 0
12-18-2019 @ 23:44:43 - Checking if username exists....
12-18-2019 @ 23:44:43 - Start creating/updating moodle user, Updating: 0
12-18-2019 @ 23:44:43 - Checking if username exists....
12-18-2019 @ 23:44:44 - Start creating/updating moodle user, Updating: 0
12-18-2019 @ 23:44:44 - Checking if username exists....
12-18-2019 @ 23:44:44 - Start creating/updating moodle user, Updating: 0
12-18-2019 @ 23:44:44 - Checking if username exists....
12-18-2019 @ 23:44:48 - Start creating/updating moodle user, Updating: 0
12-18-2019 @ 23:44:48 - Checking if username exists....
12-18-2019 @ 23:44:48 - Start creating/updating moodle user, Updating: 0
12-18-2019 @ 23:44:48 - Checking if username exists....
12-18-2019 @ 23:44:49 - Start creating/updating moodle user, Updating: 0
12-18-2019 @ 23:44:49 - Checking if username exists....
12-18-2019 @ 23:44:49 - Start creating/updating moodle user, Updating: 0
12-18-2019 @ 23:44:49 - Checking if username exists....
12-18-2019 @ 23:44:49 - Start creating/updating moodle user, Updating: 0
12-18-2019 @ 23:44:49 - Checking if username exists....
12-18-2019 @ 23:44:50 - Start creating/updating moodle user, Updating: 0
12-18-2019 @ 23:44:50 - Checking if username exists....
12-18-2019 @ 23:44:50 - Start creating/updating moodle user, Updating: 0
12-18-2019 @ 23:44:50 - Checking if username exists....
12-18-2019 @ 23:44:50 - Start creating/updating moodle user, Updating: 0
12-18-2019 @ 23:44:50 - Checking if username exists....
12-18-2019 @ 23:44:51 - Start creating/updating moodle user, Updating: 0
12-18-2019 @ 23:44:51 - Checking if username exists....
12-18-2019 @ 23:44:51 - Start creating/updating moodle user, Updating: 0
12-18-2019 @ 23:44:51 - Checking if username exists....
12-18-2019 @ 23:44:51 - Start creating/updating moodle user, Updating: 0
12-18-2019 @ 23:44:51 - Checking if username exists....
12-18-2019 @ 23:44:52 - Start creating/updating moodle user, Updating: 0
12-18-2019 @ 23:44:52 - Checking if username exists....
12-18-2019 @ 23:44:52 - Start creating/updating moodle user, Updating: 0
12-18-2019 @ 23:44:52 - Checking if username exists....
12-18-2019 @ 23:44:52 - Start creating/updating moodle user, Updating: 0
12-18-2019 @ 23:44:52 - Checking if username exists....
12-18-2019 @ 23:44:52 - Start creating/updating moodle user, Updating: 0
12-18-2019 @ 23:44:52 - Checking if username exists....
12-18-2019 @ 23:44:53 - Start creating/updating moodle user, Updating: 0
12-18-2019 @ 23:44:53 - Checking if username exists....
12-18-2019 @ 23:44:53 - Start creating/updating moodle user, Updating: 0
12-18-2019 @ 23:44:53 - Checking if username exists....
12-18-2019 @ 23:44:53 - Start creating/updating moodle user, Updating: 0
12-18-2019 @ 23:44:53 - Checking if username exists....
12-18-2019 @ 23:45:22 - Start creating/updating moodle user, Updating: 0
12-18-2019 @ 23:45:22 - Checking if username exists....
12-18-2019 @ 23:45:44 - Start creating/updating moodle user, Updating: 0
12-18-2019 @ 23:45:44 - Checking if username exists....
12-18-2019 @ 23:45:44 - Start creating/updating moodle user, Updating: 0
12-18-2019 @ 23:45:44 - Checking if username exists....
12-18-2019 @ 23:45:44 - Start creating/updating moodle user, Updating: 0
12-18-2019 @ 23:45:44 - Checking if username exists....
12-18-2019 @ 23:45:45 - Start creating/updating moodle user, Updating: 0
12-18-2019 @ 23:45:45 - Checking if username exists....
12-18-2019 @ 23:45:45 - Start creating/updating moodle user, Updating: 0
12-18-2019 @ 23:45:45 - Checking if username exists....
12-18-2019 @ 23:45:45 - Start creating/updating moodle user, Updating: 0
12-18-2019 @ 23:45:45 - Checking if username exists....
12-18-2019 @ 23:52:05 - Start creating/updating moodle user, Updating: 0
12-18-2019 @ 23:52:05 - Checking if username exists....
12-18-2019 @ 23:54:22 - Initiating course & category sync process....
12-18-2019 @ 23:54:36 - Start creating/updating moodle user, Updating: 0
12-18-2019 @ 23:54:36 - Checking if username exists....
12-18-2019 @ 23:54:36 - Start creating/updating moodle user, Updating: 0
12-18-2019 @ 23:54:36 - Checking if username exists....
12-18-2019 @ 23:54:36 - Start creating/updating moodle user, Updating: 0
12-18-2019 @ 23:54:36 - Checking if username exists....
12-18-2019 @ 23:54:37 - Start creating/updating moodle user, Updating: 0
12-18-2019 @ 23:54:37 - Checking if username exists....
12-18-2019 @ 23:54:37 - Start creating/updating moodle user, Updating: 0
12-18-2019 @ 23:54:37 - Checking if username exists....
12-18-2019 @ 23:54:37 - Start creating/updating moodle user, Updating: 0
12-18-2019 @ 23:54:37 - Checking if username exists....
12-18-2019 @ 23:54:38 - Start creating/updating moodle user, Updating: 0
12-18-2019 @ 23:54:38 - Checking if username exists....
12-18-2019 @ 23:54:38 - Start creating/updating moodle user, Updating: 0
12-18-2019 @ 23:54:38 - Checking if username exists....
12-18-2019 @ 23:54:38 - Start creating/updating moodle user, Updating: 0
12-18-2019 @ 23:54:38 - Checking if username exists....
12-18-2019 @ 23:54:39 - Start creating/updating moodle user, Updating: 0
12-18-2019 @ 23:54:39 - Checking if username exists....
12-18-2019 @ 23:54:39 - Start creating/updating moodle user, Updating: 0
12-18-2019 @ 23:54:39 - Checking if username exists....
12-18-2019 @ 23:54:39 - Start creating/updating moodle user, Updating: 0
12-18-2019 @ 23:54:39 - Checking if username exists....
12-18-2019 @ 23:54:40 - Start creating/updating moodle user, Updating: 0
12-18-2019 @ 23:54:40 - Checking if username exists....
12-18-2019 @ 23:54:40 - Start creating/updating moodle user, Updating: 0
12-18-2019 @ 23:54:40 - Checking if username exists....
12-18-2019 @ 23:54:40 - Start creating/updating moodle user, Updating: 0
12-18-2019 @ 23:54:40 - Checking if username exists....
12-18-2019 @ 23:54:40 - Start creating/updating moodle user, Updating: 0
12-18-2019 @ 23:54:40 - Checking if username exists....
12-18-2019 @ 23:54:41 - Start creating/updating moodle user, Updating: 0
12-18-2019 @ 23:54:41 - Checking if username exists....
12-18-2019 @ 23:54:41 - Start creating/updating moodle user, Updating: 0
12-18-2019 @ 23:54:41 - Checking if username exists....
12-18-2019 @ 23:54:41 - Start creating/updating moodle user, Updating: 0
12-18-2019 @ 23:54:41 - Checking if username exists....
12-18-2019 @ 23:57:45 - Start creating/updating moodle user, Updating: 0
12-18-2019 @ 23:57:45 - Checking if username exists....
12-18-2019 @ 23:57:46 - Start creating/updating moodle user, Updating: 0
12-18-2019 @ 23:57:46 - Checking if username exists....
12-18-2019 @ 23:57:46 - Start creating/updating moodle user, Updating: 0
12-18-2019 @ 23:57:46 - Checking if username exists....
12-18-2019 @ 23:57:46 - Start creating/updating moodle user, Updating: 0
12-18-2019 @ 23:57:46 - Checking if username exists....
12-18-2019 @ 23:57:47 - Start creating/updating moodle user, Updating: 0
12-18-2019 @ 23:57:47 - Checking if username exists....
12-18-2019 @ 23:57:47 - Start creating/updating moodle user, Updating: 0
12-18-2019 @ 23:57:47 - Checking if username exists....
12-18-2019 @ 23:57:47 - Start creating/updating moodle user, Updating: 0
12-18-2019 @ 23:57:47 - Checking if username exists....
12-18-2019 @ 23:57:48 - Start creating/updating moodle user, Updating: 0
12-18-2019 @ 23:57:48 - Checking if username exists....
12-18-2019 @ 23:57:48 - Start creating/updating moodle user, Updating: 0
12-18-2019 @ 23:57:48 - Checking if username exists....
12-18-2019 @ 23:57:48 - Start creating/updating moodle user, Updating: 0
12-18-2019 @ 23:57:48 - Checking if username exists....
12-18-2019 @ 23:57:48 - Start creating/updating moodle user, Updating: 0
12-18-2019 @ 23:57:48 - Checking if username exists....
12-18-2019 @ 23:57:49 - Start creating/updating moodle user, Updating: 0
12-18-2019 @ 23:57:49 - Checking if username exists....
12-18-2019 @ 23:57:49 - Start creating/updating moodle user, Updating: 0
12-18-2019 @ 23:57:49 - Checking if username exists....
12-18-2019 @ 23:57:49 - Start creating/updating moodle user, Updating: 0
12-18-2019 @ 23:57:49 - Checking if username exists....
12-18-2019 @ 23:57:50 - Start creating/updating moodle user, Updating: 0
12-18-2019 @ 23:57:50 - Checking if username exists....
12-18-2019 @ 23:57:50 - Start creating/updating moodle user, Updating: 0
12-18-2019 @ 23:57:50 - Checking if username exists....
12-18-2019 @ 23:57:50 - Start creating/updating moodle user, Updating: 0
12-18-2019 @ 23:57:50 - Checking if username exists....
12-18-2019 @ 23:57:51 - Start creating/updating moodle user, Updating: 0
12-18-2019 @ 23:57:51 - Checking if username exists....
12-18-2019 @ 23:57:51 - Start creating/updating moodle user, Updating: 0
12-18-2019 @ 23:57:51 - Checking if username exists....
12-18-2019 @ 23:58:11 - Start creating/updating moodle user, Updating: 0
12-18-2019 @ 23:58:11 - Checking if username exists....
12-18-2019 @ 23:58:15 - Start creating/updating moodle user, Updating: 0
12-18-2019 @ 23:58:15 - Checking if username exists....
12-18-2019 @ 23:58:22 - Start creating/updating moodle user, Updating: 0
12-18-2019 @ 23:58:22 - Checking if username exists....
12-18-2019 @ 23:58:24 - Start creating/updating moodle user, Updating: 0
12-18-2019 @ 23:58:24 - Checking if username exists....
12-18-2019 @ 23:58:32 - Start creating/updating moodle user, Updating: 0
12-18-2019 @ 23:58:32 - Checking if username exists....
12-18-2019 @ 23:59:49 - Start creating/updating moodle user, Updating: 0
12-18-2019 @ 23:59:49 - Checking if username exists....
12-18-2019 @ 23:59:51 - Start creating/updating moodle user, Updating: 0
12-18-2019 @ 23:59:51 - Checking if username exists....
12-19-2019 @ 00:03:48 - Start creating/updating moodle user, Updating: 0
12-19-2019 @ 00:03:48 - Checking if username exists....
12-19-2019 @ 00:03:48 - Start creating/updating moodle user, Updating: 0
12-19-2019 @ 00:03:48 - Checking if username exists....
12-19-2019 @ 00:03:49 - Start creating/updating moodle user, Updating: 0
12-19-2019 @ 00:03:49 - Checking if username exists....
12-19-2019 @ 00:03:49 - Start creating/updating moodle user, Updating: 0
12-19-2019 @ 00:03:49 - Checking if username exists....
12-19-2019 @ 00:03:49 - Start creating/updating moodle user, Updating: 0
12-19-2019 @ 00:03:49 - Checking if username exists....
12-19-2019 @ 00:03:50 - Start creating/updating moodle user, Updating: 0
12-19-2019 @ 00:03:50 - Checking if username exists....
12-19-2019 @ 00:03:50 - Start creating/updating moodle user, Updating: 0
12-19-2019 @ 00:03:50 - Checking if username exists....
12-19-2019 @ 00:03:50 - Start creating/updating moodle user, Updating: 0
12-19-2019 @ 00:03:50 - Checking if username exists....
12-19-2019 @ 00:03:50 - Start creating/updating moodle user, Updating: 0
12-19-2019 @ 00:03:50 - Checking if username exists....
12-19-2019 @ 00:03:51 - Start creating/updating moodle user, Updating: 0
12-19-2019 @ 00:03:51 - Checking if username exists....
12-19-2019 @ 00:03:51 - Start creating/updating moodle user, Updating: 0
12-19-2019 @ 00:03:51 - Checking if username exists....
12-19-2019 @ 00:03:51 - Start creating/updating moodle user, Updating: 0
12-19-2019 @ 00:03:51 - Checking if username exists....
12-19-2019 @ 00:03:52 - Start creating/updating moodle user, Updating: 0
12-19-2019 @ 00:03:52 - Checking if username exists....
12-19-2019 @ 00:03:52 - Start creating/updating moodle user, Updating: 0
12-19-2019 @ 00:03:52 - Checking if username exists....
12-19-2019 @ 00:03:52 - Start creating/updating moodle user, Updating: 0
12-19-2019 @ 00:03:52 - Checking if username exists....
12-19-2019 @ 00:03:53 - Start creating/updating moodle user, Updating: 0
12-19-2019 @ 00:03:53 - Checking if username exists....
12-19-2019 @ 00:03:53 - Start creating/updating moodle user, Updating: 0
12-19-2019 @ 00:03:53 - Checking if username exists....
12-19-2019 @ 00:03:53 - Start creating/updating moodle user, Updating: 0
12-19-2019 @ 00:03:53 - Checking if username exists....
12-19-2019 @ 00:03:54 - Start creating/updating moodle user, Updating: 0
12-19-2019 @ 00:03:54 - Checking if username exists....
12-19-2019 @ 00:13:28 - Initiating course & category sync process....
12-19-2019 @ 00:13:39 - Start creating/updating moodle user, Updating: 0
12-19-2019 @ 00:13:39 - Checking if username exists....
12-19-2019 @ 00:13:40 - Start creating/updating moodle user, Updating: 0
12-19-2019 @ 00:13:40 - Checking if username exists....
12-19-2019 @ 00:13:40 - Start creating/updating moodle user, Updating: 0
12-19-2019 @ 00:13:40 - Checking if username exists....
12-19-2019 @ 00:13:40 - Start creating/updating moodle user, Updating: 0
12-19-2019 @ 00:13:40 - Checking if username exists....
12-19-2019 @ 00:13:40 - Start creating/updating moodle user, Updating: 0
12-19-2019 @ 00:13:40 - Checking if username exists....
12-19-2019 @ 00:13:41 - Start creating/updating moodle user, Updating: 0
12-19-2019 @ 00:13:41 - Checking if username exists....
12-19-2019 @ 00:13:41 - Start creating/updating moodle user, Updating: 0
12-19-2019 @ 00:13:41 - Checking if username exists....
12-19-2019 @ 00:13:41 - Start creating/updating moodle user, Updating: 0
12-19-2019 @ 00:13:41 - Checking if username exists....
12-19-2019 @ 00:13:42 - Start creating/updating moodle user, Updating: 0
12-19-2019 @ 00:13:42 - Checking if username exists....
12-19-2019 @ 00:13:42 - Start creating/updating moodle user, Updating: 0
12-19-2019 @ 00:13:42 - Checking if username exists....
12-19-2019 @ 00:13:42 - Start creating/updating moodle user, Updating: 0
12-19-2019 @ 00:13:42 - Checking if username exists....
12-19-2019 @ 00:13:43 - Start creating/updating moodle user, Updating: 0
12-19-2019 @ 00:13:43 - Checking if username exists....
12-19-2019 @ 00:13:43 - Start creating/updating moodle user, Updating: 0
12-19-2019 @ 00:13:43 - Checking if username exists....
12-19-2019 @ 00:13:43 - Start creating/updating moodle user, Updating: 0
12-19-2019 @ 00:13:43 - Checking if username exists....
12-19-2019 @ 00:13:44 - Start creating/updating moodle user, Updating: 0
12-19-2019 @ 00:13:44 - Checking if username exists....
12-19-2019 @ 00:13:44 - Start creating/updating moodle user, Updating: 0
12-19-2019 @ 00:13:44 - Checking if username exists....
12-19-2019 @ 00:13:44 - Start creating/updating moodle user, Updating: 0
12-19-2019 @ 00:13:44 - Checking if username exists....
12-19-2019 @ 00:13:45 - Start creating/updating moodle user, Updating: 0
12-19-2019 @ 00:13:45 - Checking if username exists....
12-19-2019 @ 00:13:45 - Start creating/updating moodle user, Updating: 0
12-19-2019 @ 00:13:45 - Checking if username exists....
12-19-2019 @ 00:14:00 - Start creating/updating moodle user, Updating: 0
12-19-2019 @ 00:14:00 - Checking if username exists....
12-19-2019 @ 00:14:02 - Start creating/updating moodle user, Updating: 0
12-19-2019 @ 00:14:02 - Checking if username exists....
12-19-2019 @ 00:14:10 - Start creating/updating moodle user, Updating: 0
12-19-2019 @ 00:14:10 - Checking if username exists....
12-19-2019 @ 14:04:17 - Initiating course & category sync process....
12-19-2019 @ 14:04:33 - Start creating/updating moodle user, Updating: 0
12-19-2019 @ 14:04:33 - Checking if username exists....
12-19-2019 @ 14:04:33 - Start creating/updating moodle user, Updating: 0
12-19-2019 @ 14:04:33 - Checking if username exists....
12-19-2019 @ 14:04:34 - Start creating/updating moodle user, Updating: 0
12-19-2019 @ 14:04:34 - Checking if username exists....
12-19-2019 @ 14:04:34 - Start creating/updating moodle user, Updating: 0
12-19-2019 @ 14:04:34 - Checking if username exists....
12-19-2019 @ 14:04:34 - Start creating/updating moodle user, Updating: 0
12-19-2019 @ 14:04:34 - Checking if username exists....
12-19-2019 @ 14:04:35 - Start creating/updating moodle user, Updating: 0
12-19-2019 @ 14:04:35 - Checking if username exists....
12-19-2019 @ 14:04:35 - Start creating/updating moodle user, Updating: 0
12-19-2019 @ 14:04:35 - Checking if username exists....
12-19-2019 @ 14:04:35 - Start creating/updating moodle user, Updating: 0
12-19-2019 @ 14:04:35 - Checking if username exists....
12-19-2019 @ 14:04:36 - Start creating/updating moodle user, Updating: 0
12-19-2019 @ 14:04:36 - Checking if username exists....
12-19-2019 @ 14:04:36 - Start creating/updating moodle user, Updating: 0
12-19-2019 @ 14:04:36 - Checking if username exists....
12-19-2019 @ 14:04:36 - Start creating/updating moodle user, Updating: 0
12-19-2019 @ 14:04:36 - Checking if username exists....
12-19-2019 @ 14:04:37 - Start creating/updating moodle user, Updating: 0
12-19-2019 @ 14:04:37 - Checking if username exists....
12-19-2019 @ 14:04:37 - Start creating/updating moodle user, Updating: 0
12-19-2019 @ 14:04:37 - Checking if username exists....
12-19-2019 @ 14:04:37 - Start creating/updating moodle user, Updating: 0
12-19-2019 @ 14:04:37 - Checking if username exists....
12-19-2019 @ 14:04:38 - Start creating/updating moodle user, Updating: 0
12-19-2019 @ 14:04:38 - Checking if username exists....
12-19-2019 @ 14:04:38 - Start creating/updating moodle user, Updating: 0
12-19-2019 @ 14:04:38 - Checking if username exists....
12-19-2019 @ 14:04:38 - Start creating/updating moodle user, Updating: 0
12-19-2019 @ 14:04:38 - Checking if username exists....
12-19-2019 @ 14:04:38 - Start creating/updating moodle user, Updating: 0
12-19-2019 @ 14:04:38 - Checking if username exists....
12-19-2019 @ 20:27:00 - Start creating/updating moodle user, Updating: 0
12-19-2019 @ 20:27:00 - Checking if username exists....
12-19-2019 @ 20:27:01 - Start creating/updating moodle user, Updating: 0
12-19-2019 @ 20:27:01 - Checking if username exists....
12-19-2019 @ 20:27:01 - Start creating/updating moodle user, Updating: 0
12-19-2019 @ 20:27:01 - Checking if username exists....
12-19-2019 @ 20:27:01 - Start creating/updating moodle user, Updating: 0
12-19-2019 @ 20:27:01 - Checking if username exists....
12-19-2019 @ 20:27:02 - Start creating/updating moodle user, Updating: 0
12-19-2019 @ 20:27:02 - Checking if username exists....
12-19-2019 @ 20:27:02 - Start creating/updating moodle user, Updating: 0
12-19-2019 @ 20:27:02 - Checking if username exists....
12-19-2019 @ 20:27:02 - Start creating/updating moodle user, Updating: 0
12-19-2019 @ 20:27:02 - Checking if username exists....
12-19-2019 @ 20:27:03 - Start creating/updating moodle user, Updating: 0
12-19-2019 @ 20:27:03 - Checking if username exists....
12-19-2019 @ 20:27:03 - Start creating/updating moodle user, Updating: 0
12-19-2019 @ 20:27:03 - Checking if username exists....
12-19-2019 @ 20:27:03 - Start creating/updating moodle user, Updating: 0
12-19-2019 @ 20:27:03 - Checking if username exists....
12-19-2019 @ 20:27:04 - Start creating/updating moodle user, Updating: 0
12-19-2019 @ 20:27:04 - Checking if username exists....
12-19-2019 @ 20:27:04 - Start creating/updating moodle user, Updating: 0
12-19-2019 @ 20:27:04 - Checking if username exists....
12-19-2019 @ 20:27:04 - Start creating/updating moodle user, Updating: 0
12-19-2019 @ 20:27:04 - Checking if username exists....
12-19-2019 @ 20:27:05 - Start creating/updating moodle user, Updating: 0
12-19-2019 @ 20:27:05 - Checking if username exists....
12-19-2019 @ 20:27:05 - Start creating/updating moodle user, Updating: 0
12-19-2019 @ 20:27:05 - Checking if username exists....
12-19-2019 @ 20:27:05 - Start creating/updating moodle user, Updating: 0
12-19-2019 @ 20:27:05 - Checking if username exists....
12-19-2019 @ 20:27:06 - Start creating/updating moodle user, Updating: 0
12-19-2019 @ 20:27:06 - Checking if username exists....
12-19-2019 @ 20:27:06 - Start creating/updating moodle user, Updating: 0
12-19-2019 @ 20:27:06 - Checking if username exists....
12-19-2019 @ 20:27:30 - Start creating/updating moodle user, Updating: 0
12-19-2019 @ 20:27:30 - Checking if username exists....
12-19-2019 @ 20:27:30 - Start creating/updating moodle user, Updating: 0
12-19-2019 @ 20:27:30 - Checking if username exists....
12-19-2019 @ 20:27:30 - Start creating/updating moodle user, Updating: 0
12-19-2019 @ 20:27:30 - Checking if username exists....
12-19-2019 @ 20:27:30 - Start creating/updating moodle user, Updating: 0
12-19-2019 @ 20:27:30 - Checking if username exists....
12-19-2019 @ 20:27:31 - Start creating/updating moodle user, Updating: 0
12-19-2019 @ 20:27:31 - Checking if username exists....
12-19-2019 @ 20:27:31 - Start creating/updating moodle user, Updating: 0
12-19-2019 @ 20:27:31 - Checking if username exists....
12-19-2019 @ 20:27:31 - Start creating/updating moodle user, Updating: 0
12-19-2019 @ 20:27:31 - Checking if username exists....
12-19-2019 @ 20:27:32 - Start creating/updating moodle user, Updating: 0
12-19-2019 @ 20:27:32 - Checking if username exists....
12-19-2019 @ 20:27:32 - Start creating/updating moodle user, Updating: 0
12-19-2019 @ 20:27:32 - Checking if username exists....
12-19-2019 @ 20:27:32 - Start creating/updating moodle user, Updating: 0
12-19-2019 @ 20:27:32 - Checking if username exists....
12-19-2019 @ 20:27:33 - Start creating/updating moodle user, Updating: 0
12-19-2019 @ 20:27:33 - Checking if username exists....
12-19-2019 @ 20:27:33 - Start creating/updating moodle user, Updating: 0
12-19-2019 @ 20:27:33 - Checking if username exists....
12-19-2019 @ 20:27:33 - Start creating/updating moodle user, Updating: 0
12-19-2019 @ 20:27:33 - Checking if username exists....
12-19-2019 @ 20:27:34 - Start creating/updating moodle user, Updating: 0
12-19-2019 @ 20:27:34 - Checking if username exists....
12-19-2019 @ 20:27:34 - Start creating/updating moodle user, Updating: 0
12-19-2019 @ 20:27:34 - Checking if username exists....
12-19-2019 @ 20:27:35 - Start creating/updating moodle user, Updating: 0
12-19-2019 @ 20:27:35 - Checking if username exists....
12-19-2019 @ 20:27:35 - Start creating/updating moodle user, Updating: 0
12-19-2019 @ 20:27:35 - Checking if username exists....
12-19-2019 @ 20:27:35 - Start creating/updating moodle user, Updating: 0
12-19-2019 @ 20:27:35 - Checking if username exists....
12-19-2019 @ 20:28:39 - Start creating/updating moodle user, Updating: 0
12-19-2019 @ 20:28:39 - Checking if username exists....
12-19-2019 @ 20:28:56 - Start creating/updating moodle user, Updating: 0
12-19-2019 @ 20:28:56 - Checking if username exists....
12-19-2019 @ 20:28:57 - Start creating/updating moodle user, Updating: 0
12-19-2019 @ 20:28:57 - Checking if username exists....
12-19-2019 @ 20:28:57 - Start creating/updating moodle user, Updating: 0
12-19-2019 @ 20:28:57 - Checking if username exists....
12-19-2019 @ 20:28:57 - Start creating/updating moodle user, Updating: 0
12-19-2019 @ 20:28:57 - Checking if username exists....
12-19-2019 @ 20:28:58 - Start creating/updating moodle user, Updating: 0
12-19-2019 @ 20:28:58 - Checking if username exists....
12-19-2019 @ 20:30:58 - Start creating/updating moodle user, Updating: 0
12-19-2019 @ 20:30:58 - Checking if username exists....
12-19-2019 @ 20:30:58 - Start creating/updating moodle user, Updating: 0
12-19-2019 @ 20:30:58 - Checking if username exists....
12-19-2019 @ 20:30:58 - Start creating/updating moodle user, Updating: 0
12-19-2019 @ 20:30:58 - Checking if username exists....
12-19-2019 @ 20:30:59 - Start creating/updating moodle user, Updating: 0
12-19-2019 @ 20:30:59 - Checking if username exists....
12-19-2019 @ 20:30:59 - Start creating/updating moodle user, Updating: 0
12-19-2019 @ 20:30:59 - Checking if username exists....
12-19-2019 @ 20:30:59 - Start creating/updating moodle user, Updating: 0
12-19-2019 @ 20:30:59 - Checking if username exists....
12-19-2019 @ 20:31:00 - Start creating/updating moodle user, Updating: 0
12-19-2019 @ 20:31:00 - Checking if username exists....
12-19-2019 @ 20:31:00 - Start creating/updating moodle user, Updating: 0
12-19-2019 @ 20:31:00 - Checking if username exists....
12-19-2019 @ 20:31:00 - Start creating/updating moodle user, Updating: 0
12-19-2019 @ 20:31:00 - Checking if username exists....
12-19-2019 @ 20:31:01 - Start creating/updating moodle user, Updating: 0
12-19-2019 @ 20:31:01 - Checking if username exists....
12-19-2019 @ 20:31:01 - Start creating/updating moodle user, Updating: 0
12-19-2019 @ 20:31:01 - Checking if username exists....
12-19-2019 @ 20:31:01 - Start creating/updating moodle user, Updating: 0
12-19-2019 @ 20:31:01 - Checking if username exists....
12-19-2019 @ 20:31:02 - Start creating/updating moodle user, Updating: 0
12-19-2019 @ 20:31:02 - Checking if username exists....
12-19-2019 @ 20:31:02 - Start creating/updating moodle user, Updating: 0
12-19-2019 @ 20:31:02 - Checking if username exists....
12-19-2019 @ 20:31:02 - Start creating/updating moodle user, Updating: 0
12-19-2019 @ 20:31:02 - Checking if username exists....
12-19-2019 @ 20:31:03 - Start creating/updating moodle user, Updating: 0
12-19-2019 @ 20:31:03 - Checking if username exists....
12-19-2019 @ 20:31:03 - Start creating/updating moodle user, Updating: 0
12-19-2019 @ 20:31:03 - Checking if username exists....
12-19-2019 @ 20:31:03 - Start creating/updating moodle user, Updating: 0
12-19-2019 @ 20:31:03 - Checking if username exists....
12-19-2019 @ 21:00:45 - Start creating/updating moodle user, Updating: 0
12-19-2019 @ 21:00:45 - Checking if username exists....
12-31-2019 @ 20:24:24 - Initiating course & category sync process....
01-01-2020 @ 01:24:19 - Start creating/updating moodle user, Updating: 0
01-01-2020 @ 01:24:19 - Checking if username exists....
01-01-2020 @ 01:24:22 - Start creating/updating moodle user, Updating: 0
01-01-2020 @ 01:24:22 - Checking if username exists....
01-01-2020 @ 01:24:25 - Start creating/updating moodle user, Updating: 0
01-01-2020 @ 01:24:25 - Checking if username exists....
01-01-2020 @ 01:24:44 - Start creating/updating moodle user, Updating: 0
01-01-2020 @ 01:24:44 - Checking if username exists....
01-01-2020 @ 01:37:03 - Start creating/updating moodle user, Updating: 0
01-01-2020 @ 01:37:03 - Checking if username exists....
01-01-2020 @ 01:37:16 - Start creating/updating moodle user, Updating: 0
01-01-2020 @ 01:37:16 - Checking if username exists....
01-01-2020 @ 01:37:17 - Start creating/updating moodle user, Updating: 0
01-01-2020 @ 01:37:17 - Checking if username exists....
01-01-2020 @ 01:37:17 - Start creating/updating moodle user, Updating: 0
01-01-2020 @ 01:37:17 - Checking if username exists....
01-01-2020 @ 01:37:18 - Start creating/updating moodle user, Updating: 0
01-01-2020 @ 01:37:18 - Checking if username exists....
01-01-2020 @ 01:37:28 - Start creating/updating moodle user, Updating: 0
01-01-2020 @ 01:37:28 - Checking if username exists....
01-01-2020 @ 02:37:53 - Initiating course & category sync process....
01-01-2020 @ 10:53:08 - Start creating/updating moodle user, Updating: 0
01-01-2020 @ 10:53:08 - Checking if username exists....
01-01-2020 @ 10:53:09 - Start creating/updating moodle user, Updating: 0
01-01-2020 @ 10:53:09 - Checking if username exists....
01-01-2020 @ 10:53:09 - Start creating/updating moodle user, Updating: 0
01-01-2020 @ 10:53:09 - Checking if username exists....
01-01-2020 @ 10:53:09 - Start creating/updating moodle user, Updating: 0
01-01-2020 @ 10:53:09 - Checking if username exists....
01-01-2020 @ 10:53:10 - Start creating/updating moodle user, Updating: 0
01-01-2020 @ 10:53:10 - Checking if username exists....
01-01-2020 @ 10:53:10 - Start creating/updating moodle user, Updating: 0
01-01-2020 @ 10:53:10 - Checking if username exists....
01-01-2020 @ 10:53:10 - Start creating/updating moodle user, Updating: 0
01-01-2020 @ 10:53:10 - Checking if username exists....
01-01-2020 @ 10:53:11 - Start creating/updating moodle user, Updating: 0
01-01-2020 @ 10:53:11 - Checking if username exists....
01-01-2020 @ 10:53:11 - Start creating/updating moodle user, Updating: 0
01-01-2020 @ 10:53:11 - Checking if username exists....
01-01-2020 @ 10:53:11 - Start creating/updating moodle user, Updating: 0
01-01-2020 @ 10:53:11 - Checking if username exists....
01-01-2020 @ 10:53:12 - Start creating/updating moodle user, Updating: 0
01-01-2020 @ 10:53:12 - Checking if username exists....
01-01-2020 @ 10:53:12 - Start creating/updating moodle user, Updating: 0
01-01-2020 @ 10:53:12 - Checking if username exists....
01-01-2020 @ 10:53:12 - Start creating/updating moodle user, Updating: 0
01-01-2020 @ 10:53:12 - Checking if username exists....
01-01-2020 @ 10:53:13 - Start creating/updating moodle user, Updating: 0
01-01-2020 @ 10:53:13 - Checking if username exists....
01-01-2020 @ 10:53:13 - Start creating/updating moodle user, Updating: 0
01-01-2020 @ 10:53:13 - Checking if username exists....
01-01-2020 @ 10:53:13 - Start creating/updating moodle user, Updating: 0
01-01-2020 @ 10:53:13 - Checking if username exists....
01-01-2020 @ 10:53:13 - Start creating/updating moodle user, Updating: 0
01-01-2020 @ 10:53:13 - Checking if username exists....
01-01-2020 @ 10:53:14 - Start creating/updating moodle user, Updating: 0
01-01-2020 @ 10:53:14 - Checking if username exists....
01-01-2020 @ 10:58:13 - Initiating course & category sync process....
01-01-2020 @ 10:58:24 - Start creating/updating moodle user, Updating: 0
01-01-2020 @ 10:58:24 - Checking if username exists....
01-01-2020 @ 10:58:25 - Start creating/updating moodle user, Updating: 0
01-01-2020 @ 10:58:25 - Checking if username exists....
01-01-2020 @ 10:58:25 - Start creating/updating moodle user, Updating: 0
01-01-2020 @ 10:58:25 - Checking if username exists....
01-01-2020 @ 10:58:25 - Start creating/updating moodle user, Updating: 0
01-01-2020 @ 10:58:25 - Checking if username exists....
01-01-2020 @ 10:58:26 - Start creating/updating moodle user, Updating: 0
01-01-2020 @ 10:58:26 - Checking if username exists....
01-01-2020 @ 10:58:26 - Start creating/updating moodle user, Updating: 0
01-01-2020 @ 10:58:26 - Checking if username exists....
01-01-2020 @ 10:58:26 - Start creating/updating moodle user, Updating: 0
01-01-2020 @ 10:58:26 - Checking if username exists....
01-01-2020 @ 10:58:27 - Start creating/updating moodle user, Updating: 0
01-01-2020 @ 10:58:27 - Checking if username exists....
01-01-2020 @ 10:58:27 - Start creating/updating moodle user, Updating: 0
01-01-2020 @ 10:58:27 - Checking if username exists....
01-01-2020 @ 10:58:27 - Start creating/updating moodle user, Updating: 0
01-01-2020 @ 10:58:27 - Checking if username exists....
01-01-2020 @ 10:58:28 - Start creating/updating moodle user, Updating: 0
01-01-2020 @ 10:58:28 - Checking if username exists....
01-01-2020 @ 10:58:28 - Start creating/updating moodle user, Updating: 0
01-01-2020 @ 10:58:28 - Checking if username exists....
01-01-2020 @ 10:58:28 - Start creating/updating moodle user, Updating: 0
01-01-2020 @ 10:58:28 - Checking if username exists....
01-01-2020 @ 10:58:29 - Start creating/updating moodle user, Updating: 0
01-01-2020 @ 10:58:29 - Checking if username exists....
01-01-2020 @ 10:58:29 - Start creating/updating moodle user, Updating: 0
01-01-2020 @ 10:58:29 - Checking if username exists....
01-01-2020 @ 10:58:29 - Start creating/updating moodle user, Updating: 0
01-01-2020 @ 10:58:29 - Checking if username exists....
01-01-2020 @ 10:58:29 - Start creating/updating moodle user, Updating: 0
01-01-2020 @ 10:58:29 - Checking if username exists....
01-01-2020 @ 10:58:30 - Start creating/updating moodle user, Updating: 0
01-01-2020 @ 10:58:30 - Checking if username exists....
01-01-2020 @ 10:58:40 - Start creating/updating moodle user, Updating: 0
01-01-2020 @ 10:58:40 - Checking if username exists....
01-01-2020 @ 10:58:40 - Start creating/updating moodle user, Updating: 0
01-01-2020 @ 10:58:40 - Checking if username exists....
01-01-2020 @ 10:58:40 - Start creating/updating moodle user, Updating: 0
01-01-2020 @ 10:58:40 - Checking if username exists....
01-01-2020 @ 10:58:41 - Start creating/updating moodle user, Updating: 0
01-01-2020 @ 10:58:41 - Checking if username exists....
01-01-2020 @ 10:58:41 - Start creating/updating moodle user, Updating: 0
01-01-2020 @ 10:58:41 - Checking if username exists....
01-01-2020 @ 10:58:41 - Start creating/updating moodle user, Updating: 0
01-01-2020 @ 10:58:41 - Checking if username exists....
01-01-2020 @ 10:58:42 - Start creating/updating moodle user, Updating: 0
01-01-2020 @ 10:58:42 - Checking if username exists....
01-01-2020 @ 10:58:42 - Start creating/updating moodle user, Updating: 0
01-01-2020 @ 10:58:42 - Checking if username exists....
01-01-2020 @ 10:58:42 - Start creating/updating moodle user, Updating: 0
01-01-2020 @ 10:58:42 - Checking if username exists....
01-01-2020 @ 10:58:42 - Start creating/updating moodle user, Updating: 0
01-01-2020 @ 10:58:42 - Checking if username exists....
01-01-2020 @ 10:58:43 - Start creating/updating moodle user, Updating: 0
01-01-2020 @ 10:58:43 - Checking if username exists....
01-01-2020 @ 10:58:43 - Start creating/updating moodle user, Updating: 0
01-01-2020 @ 10:58:43 - Checking if username exists....
01-01-2020 @ 10:58:43 - Start creating/updating moodle user, Updating: 0
01-01-2020 @ 10:58:43 - Checking if username exists....
01-01-2020 @ 10:58:44 - Start creating/updating moodle user, Updating: 0
01-01-2020 @ 10:58:44 - Checking if username exists....
01-01-2020 @ 10:58:44 - Start creating/updating moodle user, Updating: 0
01-01-2020 @ 10:58:44 - Checking if username exists....
01-01-2020 @ 10:58:44 - Start creating/updating moodle user, Updating: 0
01-01-2020 @ 10:58:44 - Checking if username exists....
01-01-2020 @ 10:58:45 - Start creating/updating moodle user, Updating: 0
01-01-2020 @ 10:58:45 - Checking if username exists....
01-01-2020 @ 10:58:45 - Start creating/updating moodle user, Updating: 0
01-01-2020 @ 10:58:45 - Checking if username exists....
01-01-2020 @ 10:58:50 - Start creating/updating moodle user, Updating: 0
01-01-2020 @ 10:58:50 - Checking if username exists....
01-01-2020 @ 10:58:50 - Start creating/updating moodle user, Updating: 0
01-01-2020 @ 10:58:50 - Checking if username exists....
01-01-2020 @ 10:58:51 - Start creating/updating moodle user, Updating: 0
01-01-2020 @ 10:58:51 - Checking if username exists....
01-01-2020 @ 10:58:51 - Start creating/updating moodle user, Updating: 0
01-01-2020 @ 10:58:51 - Checking if username exists....
01-01-2020 @ 10:58:51 - Start creating/updating moodle user, Updating: 0
01-01-2020 @ 10:58:51 - Checking if username exists....
01-01-2020 @ 10:58:51 - Start creating/updating moodle user, Updating: 0
01-01-2020 @ 10:58:51 - Checking if username exists....
01-01-2020 @ 10:58:52 - Start creating/updating moodle user, Updating: 0
01-01-2020 @ 10:58:52 - Checking if username exists....
01-01-2020 @ 10:58:52 - Start creating/updating moodle user, Updating: 0
01-01-2020 @ 10:58:52 - Checking if username exists....
01-01-2020 @ 10:58:52 - Start creating/updating moodle user, Updating: 0
01-01-2020 @ 10:58:52 - Checking if username exists....
01-01-2020 @ 10:58:53 - Start creating/updating moodle user, Updating: 0
01-01-2020 @ 10:58:53 - Checking if username exists....
01-01-2020 @ 10:58:53 - Start creating/updating moodle user, Updating: 0
01-01-2020 @ 10:58:53 - Checking if username exists....
01-01-2020 @ 10:58:53 - Start creating/updating moodle user, Updating: 0
01-01-2020 @ 10:58:53 - Checking if username exists....
01-01-2020 @ 10:58:54 - Start creating/updating moodle user, Updating: 0
01-01-2020 @ 10:58:54 - Checking if username exists....
01-01-2020 @ 10:58:54 - Start creating/updating moodle user, Updating: 0
01-01-2020 @ 10:58:54 - Checking if username exists....
01-01-2020 @ 10:58:54 - Start creating/updating moodle user, Updating: 0
01-01-2020 @ 10:58:54 - Checking if username exists....
01-01-2020 @ 10:58:55 - Start creating/updating moodle user, Updating: 0
01-01-2020 @ 10:58:55 - Checking if username exists....
01-01-2020 @ 10:58:55 - Start creating/updating moodle user, Updating: 0
01-01-2020 @ 10:58:55 - Checking if username exists....
01-01-2020 @ 10:58:55 - Start creating/updating moodle user, Updating: 0
01-01-2020 @ 10:58:55 - Checking if username exists....
01-01-2020 @ 10:59:10 - Start creating/updating moodle user, Updating: 0
01-01-2020 @ 10:59:10 - Checking if username exists....
01-01-2020 @ 10:59:13 - Start creating/updating moodle user, Updating: 0
01-01-2020 @ 10:59:13 - Checking if username exists....
01-01-2020 @ 10:59:14 - Start creating/updating moodle user, Updating: 0
01-01-2020 @ 10:59:14 - Checking if username exists....
01-01-2020 @ 10:59:24 - Start creating/updating moodle user, Updating: 0
01-01-2020 @ 10:59:24 - Checking if username exists....
01-01-2020 @ 10:59:42 - Start creating/updating moodle user, Updating: 0
01-01-2020 @ 10:59:42 - Checking if username exists....
01-01-2020 @ 11:00:59 - Start creating/updating moodle user, Updating: 0
01-01-2020 @ 11:00:59 - Checking if username exists....
01-01-2020 @ 11:01:01 - Start creating/updating moodle user, Updating: 0
01-01-2020 @ 11:01:01 - Checking if username exists....
01-01-2020 @ 11:01:03 - Start creating/updating moodle user, Updating: 0
01-01-2020 @ 11:01:03 - Checking if username exists....
01-01-2020 @ 11:01:04 - Start creating/updating moodle user, Updating: 0
01-01-2020 @ 11:01:04 - Checking if username exists....
01-01-2020 @ 11:09:08 - Start creating/updating moodle user, Updating: 0
01-01-2020 @ 11:09:08 - Checking if username exists....
01-01-2020 @ 11:22:47 - Start creating/updating moodle user, Updating: 0
01-01-2020 @ 11:22:47 - Checking if username exists....
01-01-2020 @ 11:22:48 - Start creating/updating moodle user, Updating: 0
01-01-2020 @ 11:22:48 - Checking if username exists....
01-01-2020 @ 11:22:48 - Start creating/updating moodle user, Updating: 0
01-01-2020 @ 11:22:48 - Checking if username exists....
01-01-2020 @ 11:22:48 - Start creating/updating moodle user, Updating: 0
01-01-2020 @ 11:22:48 - Checking if username exists....
01-01-2020 @ 11:22:49 - Start creating/updating moodle user, Updating: 0
01-01-2020 @ 11:22:49 - Checking if username exists....
01-01-2020 @ 11:22:49 - Start creating/updating moodle user, Updating: 0
01-01-2020 @ 11:22:49 - Checking if username exists....
01-01-2020 @ 11:22:49 - Start creating/updating moodle user, Updating: 0
01-01-2020 @ 11:22:49 - Checking if username exists....
01-01-2020 @ 11:22:49 - Start creating/updating moodle user, Updating: 0
01-01-2020 @ 11:22:49 - Checking if username exists....
01-01-2020 @ 11:22:50 - Start creating/updating moodle user, Updating: 0
01-01-2020 @ 11:22:50 - Checking if username exists....
01-01-2020 @ 11:22:50 - Start creating/updating moodle user, Updating: 0
01-01-2020 @ 11:22:50 - Checking if username exists....
01-01-2020 @ 11:22:50 - Start creating/updating moodle user, Updating: 0
01-01-2020 @ 11:22:50 - Checking if username exists....
01-01-2020 @ 11:22:51 - Start creating/updating moodle user, Updating: 0
01-01-2020 @ 11:22:51 - Checking if username exists....
01-01-2020 @ 11:22:51 - Start creating/updating moodle user, Updating: 0
01-01-2020 @ 11:22:51 - Checking if username exists....
01-01-2020 @ 11:22:51 - Start creating/updating moodle user, Updating: 0
01-01-2020 @ 11:22:51 - Checking if username exists....
01-01-2020 @ 11:22:52 - Start creating/updating moodle user, Updating: 0
01-01-2020 @ 11:22:52 - Checking if username exists....
01-01-2020 @ 11:22:52 - Start creating/updating moodle user, Updating: 0
01-01-2020 @ 11:22:52 - Checking if username exists....
01-01-2020 @ 11:22:52 - Start creating/updating moodle user, Updating: 0
01-01-2020 @ 11:22:52 - Checking if username exists....
01-01-2020 @ 11:22:53 - Start creating/updating moodle user, Updating: 0
01-01-2020 @ 11:22:53 - Checking if username exists....
01-01-2020 @ 11:23:37 - Start creating/updating moodle user, Updating: 0
01-01-2020 @ 11:23:37 - Checking if username exists....
01-01-2020 @ 11:23:40 - Start creating/updating moodle user, Updating: 0
01-01-2020 @ 11:23:40 - Checking if username exists....
01-01-2020 @ 11:23:44 - Start creating/updating moodle user, Updating: 0
01-01-2020 @ 11:23:44 - Checking if username exists....
01-01-2020 @ 11:25:29 - Start creating/updating moodle user, Updating: 0
01-01-2020 @ 11:25:29 - Checking if username exists....
01-01-2020 @ 11:26:23 - Start creating/updating moodle user, Updating: 0
01-01-2020 @ 11:26:23 - Checking if username exists....
01-01-2020 @ 11:26:23 - Start creating/updating moodle user, Updating: 0
01-01-2020 @ 11:26:23 - Checking if username exists....
01-01-2020 @ 11:26:24 - Start creating/updating moodle user, Updating: 0
01-01-2020 @ 11:26:24 - Checking if username exists....
01-01-2020 @ 11:26:24 - Start creating/updating moodle user, Updating: 0
01-01-2020 @ 11:26:24 - Checking if username exists....
01-01-2020 @ 11:26:24 - Start creating/updating moodle user, Updating: 0
01-01-2020 @ 11:26:24 - Checking if username exists....
01-01-2020 @ 11:28:18 - Initiating course & category sync process....
01-01-2020 @ 11:28:28 - Start creating/updating moodle user, Updating: 0
01-01-2020 @ 11:28:28 - Checking if username exists....
01-01-2020 @ 11:28:28 - Start creating/updating moodle user, Updating: 0
01-01-2020 @ 11:28:28 - Checking if username exists....
01-01-2020 @ 11:28:29 - Start creating/updating moodle user, Updating: 0
01-01-2020 @ 11:28:29 - Checking if username exists....
01-01-2020 @ 11:28:29 - Start creating/updating moodle user, Updating: 0
01-01-2020 @ 11:28:29 - Checking if username exists....
01-01-2020 @ 11:28:29 - Start creating/updating moodle user, Updating: 0
01-01-2020 @ 11:28:29 - Checking if username exists....
01-01-2020 @ 11:28:30 - Start creating/updating moodle user, Updating: 0
01-01-2020 @ 11:28:30 - Checking if username exists....
01-01-2020 @ 11:28:30 - Start creating/updating moodle user, Updating: 0
01-01-2020 @ 11:28:30 - Checking if username exists....
01-01-2020 @ 11:28:30 - Start creating/updating moodle user, Updating: 0
01-01-2020 @ 11:28:30 - Checking if username exists....
01-01-2020 @ 11:28:31 - Start creating/updating moodle user, Updating: 0
01-01-2020 @ 11:28:31 - Checking if username exists....
01-01-2020 @ 11:28:31 - Start creating/updating moodle user, Updating: 0
01-01-2020 @ 11:28:31 - Checking if username exists....
01-01-2020 @ 11:28:31 - Start creating/updating moodle user, Updating: 0
01-01-2020 @ 11:28:31 - Checking if username exists....
01-01-2020 @ 11:28:32 - Start creating/updating moodle user, Updating: 0
01-01-2020 @ 11:28:32 - Checking if username exists....
01-01-2020 @ 11:28:32 - Start creating/updating moodle user, Updating: 0
01-01-2020 @ 11:28:32 - Checking if username exists....
01-01-2020 @ 11:28:32 - Start creating/updating moodle user, Updating: 0
01-01-2020 @ 11:28:32 - Checking if username exists....
01-01-2020 @ 11:28:33 - Start creating/updating moodle user, Updating: 0
01-01-2020 @ 11:28:33 - Checking if username exists....
01-01-2020 @ 11:28:33 - Start creating/updating moodle user, Updating: 0
01-01-2020 @ 11:28:33 - Checking if username exists....
01-01-2020 @ 11:28:33 - Start creating/updating moodle user, Updating: 0
01-01-2020 @ 11:28:33 - Checking if username exists....
01-01-2020 @ 11:28:33 - Start creating/updating moodle user, Updating: 0
01-01-2020 @ 11:28:33 - Checking if username exists....
01-01-2020 @ 12:27:56 - Associated moodle a/c found? :Yes, Moodle user ID is: 6
01-01-2020 @ 12:27:56 - Course IDs: a:1:{i:0;s:4:"2395";}
01-01-2020 @ 12:27:56 - Respective moodle course IDs: a:1:{i:2395;s:1:"9";}
01-01-2020 @ 12:27:56 - 

01-01-2020 @ 12:28:02 - Associated moodle a/c found? :Yes, Moodle user ID is: 6
01-01-2020 @ 12:28:02 - Course IDs: a:1:{i:0;s:4:"2395";}
01-01-2020 @ 12:28:02 - Respective moodle course IDs: a:1:{i:2395;s:1:"9";}
01-01-2020 @ 12:28:02 - 

01-01-2020 @ 14:19:47 - Start creating/updating moodle user, Updating: 0
01-01-2020 @ 14:19:47 - Checking if username exists....
01-01-2020 @ 14:19:47 - Start creating/updating moodle user, Updating: 0
01-01-2020 @ 14:19:47 - Checking if username exists....
01-01-2020 @ 14:19:47 - Start creating/updating moodle user, Updating: 0
01-01-2020 @ 14:19:47 - Checking if username exists....
01-01-2020 @ 14:19:48 - Start creating/updating moodle user, Updating: 0
01-01-2020 @ 14:19:48 - Checking if username exists....
01-01-2020 @ 14:19:48 - Start creating/updating moodle user, Updating: 0
01-01-2020 @ 14:19:48 - Checking if username exists....
01-01-2020 @ 14:19:48 - Start creating/updating moodle user, Updating: 0
01-01-2020 @ 14:19:48 - Checking if username exists....
01-01-2020 @ 14:19:49 - Start creating/updating moodle user, Updating: 0
01-01-2020 @ 14:19:49 - Checking if username exists....
01-01-2020 @ 14:19:49 - Start creating/updating moodle user, Updating: 0
01-01-2020 @ 14:19:49 - Checking if username exists....
01-01-2020 @ 14:19:49 - Start creating/updating moodle user, Updating: 0
01-01-2020 @ 14:19:49 - Checking if username exists....
01-01-2020 @ 14:19:50 - Start creating/updating moodle user, Updating: 0
01-01-2020 @ 14:19:50 - Checking if username exists....
01-01-2020 @ 14:19:50 - Start creating/updating moodle user, Updating: 0
01-01-2020 @ 14:19:50 - Checking if username exists....
01-01-2020 @ 14:19:50 - Start creating/updating moodle user, Updating: 0
01-01-2020 @ 14:19:50 - Checking if username exists....
01-01-2020 @ 14:19:50 - Start creating/updating moodle user, Updating: 0
01-01-2020 @ 14:19:50 - Checking if username exists....
01-01-2020 @ 14:19:51 - Start creating/updating moodle user, Updating: 0
01-01-2020 @ 14:19:51 - Checking if username exists....
01-01-2020 @ 14:19:51 - Start creating/updating moodle user, Updating: 0
01-01-2020 @ 14:19:51 - Checking if username exists....
01-01-2020 @ 14:19:51 - Start creating/updating moodle user, Updating: 0
01-01-2020 @ 14:19:51 - Checking if username exists....
01-01-2020 @ 14:19:52 - Start creating/updating moodle user, Updating: 0
01-01-2020 @ 14:19:52 - Checking if username exists....
01-01-2020 @ 14:19:52 - Start creating/updating moodle user, Updating: 0
01-01-2020 @ 14:19:52 - Checking if username exists....
01-01-2020 @ 14:20:08 - Start creating/updating moodle user, Updating: 0
01-01-2020 @ 14:20:08 - Checking if username exists....
01-01-2020 @ 14:25:12 - Start creating/updating moodle user, Updating: 0
01-01-2020 @ 14:25:12 - Checking if username exists....
01-01-2020 @ 14:25:21 - Start creating/updating moodle user, Updating: 0
01-01-2020 @ 14:25:21 - Checking if username exists....
01-01-2020 @ 14:27:47 - Start creating/updating moodle user, Updating: 0
01-01-2020 @ 14:27:47 - Checking if username exists....
01-01-2020 @ 14:27:48 - Start creating/updating moodle user, Updating: 0
01-01-2020 @ 14:27:48 - Checking if username exists....
01-01-2020 @ 14:27:48 - Start creating/updating moodle user, Updating: 0
01-01-2020 @ 14:27:48 - Checking if username exists....
01-01-2020 @ 14:27:48 - Start creating/updating moodle user, Updating: 0
01-01-2020 @ 14:27:48 - Checking if username exists....
01-01-2020 @ 14:27:49 - Start creating/updating moodle user, Updating: 0
01-01-2020 @ 14:27:49 - Checking if username exists....
01-01-2020 @ 14:27:49 - Start creating/updating moodle user, Updating: 0
01-01-2020 @ 14:27:49 - Checking if username exists....
01-01-2020 @ 14:27:49 - Start creating/updating moodle user, Updating: 0
01-01-2020 @ 14:27:49 - Checking if username exists....
01-01-2020 @ 14:27:50 - Start creating/updating moodle user, Updating: 0
01-01-2020 @ 14:27:50 - Checking if username exists....
01-01-2020 @ 14:27:50 - Start creating/updating moodle user, Updating: 0
01-01-2020 @ 14:27:50 - Checking if username exists....
01-01-2020 @ 14:27:50 - Start creating/updating moodle user, Updating: 0
01-01-2020 @ 14:27:50 - Checking if username exists....
01-01-2020 @ 14:27:50 - Start creating/updating moodle user, Updating: 0
01-01-2020 @ 14:27:50 - Checking if username exists....
01-01-2020 @ 14:27:51 - Start creating/updating moodle user, Updating: 0
01-01-2020 @ 14:27:51 - Checking if username exists....
01-01-2020 @ 14:27:51 - Start creating/updating moodle user, Updating: 0
01-01-2020 @ 14:27:51 - Checking if username exists....
01-01-2020 @ 14:27:51 - Start creating/updating moodle user, Updating: 0
01-01-2020 @ 14:27:51 - Checking if username exists....
01-01-2020 @ 14:27:52 - Start creating/updating moodle user, Updating: 0
01-01-2020 @ 14:27:52 - Checking if username exists....
01-01-2020 @ 14:27:52 - Start creating/updating moodle user, Updating: 0
01-01-2020 @ 14:27:52 - Checking if username exists....
01-01-2020 @ 14:27:52 - Start creating/updating moodle user, Updating: 0
01-01-2020 @ 14:27:52 - Checking if username exists....
01-01-2020 @ 14:27:53 - Start creating/updating moodle user, Updating: 0
01-01-2020 @ 14:27:53 - Checking if username exists....
01-01-2020 @ 14:27:58 - Start creating/updating moodle user, Updating: 0
01-01-2020 @ 14:27:58 - Checking if username exists....
01-01-2020 @ 14:27:59 - Start creating/updating moodle user, Updating: 0
01-01-2020 @ 14:27:59 - Checking if username exists....
01-01-2020 @ 14:27:59 - Start creating/updating moodle user, Updating: 0
01-01-2020 @ 14:27:59 - Checking if username exists....
01-01-2020 @ 14:27:59 - Start creating/updating moodle user, Updating: 0
01-01-2020 @ 14:27:59 - Checking if username exists....
01-01-2020 @ 14:28:00 - Start creating/updating moodle user, Updating: 0
01-01-2020 @ 14:28:00 - Checking if username exists....
01-01-2020 @ 14:28:00 - Start creating/updating moodle user, Updating: 0
01-01-2020 @ 14:28:00 - Checking if username exists....
01-01-2020 @ 14:28:00 - Start creating/updating moodle user, Updating: 0
01-01-2020 @ 14:28:00 - Checking if username exists....
01-01-2020 @ 14:28:01 - Start creating/updating moodle user, Updating: 0
01-01-2020 @ 14:28:01 - Checking if username exists....
01-01-2020 @ 14:28:01 - Start creating/updating moodle user, Updating: 0
01-01-2020 @ 14:28:01 - Checking if username exists....
01-01-2020 @ 14:28:01 - Start creating/updating moodle user, Updating: 0
01-01-2020 @ 14:28:01 - Checking if username exists....
01-01-2020 @ 14:28:02 - Start creating/updating moodle user, Updating: 0
01-01-2020 @ 14:28:02 - Checking if username exists....
01-01-2020 @ 14:28:02 - Start creating/updating moodle user, Updating: 0
01-01-2020 @ 14:28:02 - Checking if username exists....
01-01-2020 @ 14:28:02 - Start creating/updating moodle user, Updating: 0
01-01-2020 @ 14:28:02 - Checking if username exists....
01-01-2020 @ 14:28:03 - Start creating/updating moodle user, Updating: 0
01-01-2020 @ 14:28:03 - Checking if username exists....
01-01-2020 @ 14:28:03 - Start creating/updating moodle user, Updating: 0
01-01-2020 @ 14:28:03 - Checking if username exists....
01-01-2020 @ 14:28:03 - Start creating/updating moodle user, Updating: 0
01-01-2020 @ 14:28:03 - Checking if username exists....
01-01-2020 @ 14:28:04 - Start creating/updating moodle user, Updating: 0
01-01-2020 @ 14:28:04 - Checking if username exists....
01-01-2020 @ 14:28:04 - Start creating/updating moodle user, Updating: 0
01-01-2020 @ 14:28:04 - Checking if username exists....
01-01-2020 @ 14:28:29 - Start creating/updating moodle user, Updating: 0
01-01-2020 @ 14:28:29 - Checking if username exists....
01-01-2020 @ 14:28:29 - Start creating/updating moodle user, Updating: 0
01-01-2020 @ 14:28:29 - Checking if username exists....
01-01-2020 @ 14:28:29 - Start creating/updating moodle user, Updating: 0
01-01-2020 @ 14:28:29 - Checking if username exists....
01-01-2020 @ 14:28:30 - Start creating/updating moodle user, Updating: 0
01-01-2020 @ 14:28:30 - Checking if username exists....
01-01-2020 @ 14:28:30 - Start creating/updating moodle user, Updating: 0
01-01-2020 @ 14:28:30 - Checking if username exists....
01-01-2020 @ 14:28:30 - Start creating/updating moodle user, Updating: 0
01-01-2020 @ 14:28:30 - Checking if username exists....
01-01-2020 @ 14:28:31 - Start creating/updating moodle user, Updating: 0
01-01-2020 @ 14:28:31 - Checking if username exists....
01-01-2020 @ 14:28:31 - Start creating/updating moodle user, Updating: 0
01-01-2020 @ 14:28:31 - Checking if username exists....
01-01-2020 @ 14:28:31 - Start creating/updating moodle user, Updating: 0
01-01-2020 @ 14:28:31 - Checking if username exists....
01-01-2020 @ 14:28:31 - Start creating/updating moodle user, Updating: 0
01-01-2020 @ 14:28:31 - Checking if username exists....
01-01-2020 @ 14:28:32 - Start creating/updating moodle user, Updating: 0
01-01-2020 @ 14:28:32 - Checking if username exists....
01-01-2020 @ 14:28:32 - Start creating/updating moodle user, Updating: 0
01-01-2020 @ 14:28:32 - Checking if username exists....
01-01-2020 @ 14:28:32 - Start creating/updating moodle user, Updating: 0
01-01-2020 @ 14:28:32 - Checking if username exists....
01-01-2020 @ 14:28:33 - Start creating/updating moodle user, Updating: 0
01-01-2020 @ 14:28:33 - Checking if username exists....
01-01-2020 @ 14:28:33 - Start creating/updating moodle user, Updating: 0
01-01-2020 @ 14:28:33 - Checking if username exists....
01-01-2020 @ 14:28:33 - Start creating/updating moodle user, Updating: 0
01-01-2020 @ 14:28:33 - Checking if username exists....
01-01-2020 @ 14:28:34 - Start creating/updating moodle user, Updating: 0
01-01-2020 @ 14:28:34 - Checking if username exists....
01-01-2020 @ 14:28:34 - Start creating/updating moodle user, Updating: 0
01-01-2020 @ 14:28:34 - Checking if username exists....
01-02-2020 @ 03:51:06 - Initiating course & category sync process....
01-02-2020 @ 03:51:16 - Start creating/updating moodle user, Updating: 0
01-02-2020 @ 03:51:16 - Checking if username exists....
01-02-2020 @ 03:51:16 - Start creating/updating moodle user, Updating: 0
01-02-2020 @ 03:51:16 - Checking if username exists....
01-02-2020 @ 03:51:17 - Start creating/updating moodle user, Updating: 0
01-02-2020 @ 03:51:17 - Checking if username exists....
01-02-2020 @ 03:51:17 - Start creating/updating moodle user, Updating: 0
01-02-2020 @ 03:51:17 - Checking if username exists....
01-02-2020 @ 03:51:17 - Start creating/updating moodle user, Updating: 0
01-02-2020 @ 03:51:17 - Checking if username exists....
01-02-2020 @ 03:51:18 - Start creating/updating moodle user, Updating: 0
01-02-2020 @ 03:51:18 - Checking if username exists....
01-02-2020 @ 03:51:18 - Start creating/updating moodle user, Updating: 0
01-02-2020 @ 03:51:18 - Checking if username exists....
01-02-2020 @ 03:51:18 - Start creating/updating moodle user, Updating: 0
01-02-2020 @ 03:51:18 - Checking if username exists....
01-02-2020 @ 03:51:19 - Start creating/updating moodle user, Updating: 0
01-02-2020 @ 03:51:19 - Checking if username exists....
01-02-2020 @ 03:51:19 - Start creating/updating moodle user, Updating: 0
01-02-2020 @ 03:51:19 - Checking if username exists....
01-02-2020 @ 03:51:19 - Start creating/updating moodle user, Updating: 0
01-02-2020 @ 03:51:19 - Checking if username exists....
01-02-2020 @ 03:51:19 - Start creating/updating moodle user, Updating: 0
01-02-2020 @ 03:51:19 - Checking if username exists....
01-02-2020 @ 03:51:20 - Start creating/updating moodle user, Updating: 0
01-02-2020 @ 03:51:20 - Checking if username exists....
01-02-2020 @ 03:51:20 - Start creating/updating moodle user, Updating: 0
01-02-2020 @ 03:51:20 - Checking if username exists....
01-02-2020 @ 03:51:20 - Start creating/updating moodle user, Updating: 0
01-02-2020 @ 03:51:20 - Checking if username exists....
01-02-2020 @ 03:51:21 - Start creating/updating moodle user, Updating: 0
01-02-2020 @ 03:51:21 - Checking if username exists....
01-02-2020 @ 03:51:21 - Start creating/updating moodle user, Updating: 0
01-02-2020 @ 03:51:21 - Checking if username exists....
01-02-2020 @ 03:51:21 - Start creating/updating moodle user, Updating: 0
01-02-2020 @ 03:51:21 - Checking if username exists....
01-02-2020 @ 03:52:35 - Start creating/updating moodle user, Updating: 0
01-02-2020 @ 03:52:35 - Checking if username exists....
01-02-2020 @ 03:53:46 - Associated moodle a/c found? :Yes, Moodle user ID is: 6
01-02-2020 @ 03:53:46 - Course IDs: a:1:{i:0;s:4:"2395";}
01-02-2020 @ 03:53:46 - Respective moodle course IDs: a:1:{i:2395;s:1:"9";}
01-02-2020 @ 03:53:46 - 

01-02-2020 @ 03:53:49 - Associated moodle a/c found? :Yes, Moodle user ID is: 6
01-02-2020 @ 03:53:49 - Course IDs: a:1:{i:0;s:4:"2395";}
01-02-2020 @ 03:53:49 - Respective moodle course IDs: a:1:{i:2395;s:1:"9";}
01-02-2020 @ 03:53:49 - 

01-02-2020 @ 03:59:42 - Start creating/updating moodle user, Updating: 0
01-02-2020 @ 03:59:42 - Checking if username exists....
01-02-2020 @ 03:59:42 - Associated moodle a/c found? :No, Exiting!!!
01-02-2020 @ 04:10:00 - Initiating course & category sync process....
01-02-2020 @ 04:10:10 - Start creating/updating moodle user, Updating: 0
01-02-2020 @ 04:10:10 - Checking if username exists....
01-02-2020 @ 04:10:11 - Start creating/updating moodle user, Updating: 0
01-02-2020 @ 04:10:11 - Checking if username exists....
01-02-2020 @ 04:10:11 - Start creating/updating moodle user, Updating: 0
01-02-2020 @ 04:10:11 - Checking if username exists....
01-02-2020 @ 04:10:11 - Start creating/updating moodle user, Updating: 0
01-02-2020 @ 04:10:11 - Checking if username exists....
01-02-2020 @ 04:10:12 - Start creating/updating moodle user, Updating: 0
01-02-2020 @ 04:10:12 - Checking if username exists....
01-02-2020 @ 04:10:12 - Start creating/updating moodle user, Updating: 0
01-02-2020 @ 04:10:12 - Checking if username exists....
01-02-2020 @ 04:10:12 - Start creating/updating moodle user, Updating: 0
01-02-2020 @ 04:10:12 - Checking if username exists....
01-02-2020 @ 04:10:12 - Start creating/updating moodle user, Updating: 0
01-02-2020 @ 04:10:12 - Checking if username exists....
01-02-2020 @ 04:10:13 - Start creating/updating moodle user, Updating: 0
01-02-2020 @ 04:10:13 - Checking if username exists....
01-02-2020 @ 04:10:13 - Start creating/updating moodle user, Updating: 0
01-02-2020 @ 04:10:13 - Checking if username exists....
01-02-2020 @ 04:10:13 - Start creating/updating moodle user, Updating: 0
01-02-2020 @ 04:10:13 - Checking if username exists....
01-02-2020 @ 04:10:14 - Start creating/updating moodle user, Updating: 0
01-02-2020 @ 04:10:14 - Checking if username exists....
01-02-2020 @ 04:10:14 - Start creating/updating moodle user, Updating: 0
01-02-2020 @ 04:10:14 - Checking if username exists....
01-02-2020 @ 04:10:14 - Start creating/updating moodle user, Updating: 0
01-02-2020 @ 04:10:14 - Checking if username exists....
01-02-2020 @ 04:10:15 - Start creating/updating moodle user, Updating: 0
01-02-2020 @ 04:10:15 - Checking if username exists....
01-02-2020 @ 04:10:15 - Start creating/updating moodle user, Updating: 0
01-02-2020 @ 04:10:15 - Checking if username exists....
01-02-2020 @ 04:10:15 - Start creating/updating moodle user, Updating: 0
01-02-2020 @ 04:10:15 - Checking if username exists....
01-02-2020 @ 04:10:16 - Start creating/updating moodle user, Updating: 0
01-02-2020 @ 04:10:16 - Checking if username exists....
01-02-2020 @ 04:11:20 - Start creating/updating moodle user, Updating: 0
01-02-2020 @ 04:11:20 - Checking if username exists....
01-02-2020 @ 04:11:20 - Associated moodle a/c found? :No, Exiting!!!
01-02-2020 @ 04:15:39 - Initiating course & category sync process....
