2019-12-08T00:12:00+00:00 DEBUG 
====Stripe Version: 4.3.1====
====Start Log====
customers/cus_DIl849opGUTDmh/sources request: Array
(
    [limit] => 100
)

====End Log====


2019-12-08T00:12:03+00:00 DEBUG 
====Stripe Version: 4.3.1====
====Start Log====
customers/cus_DIl849opGUTDmh/sources request: Array
(
    [limit] => 100
)

====End Log====


2019-12-08T00:13:28+00:00 DEBUG 
====Stripe Version: 4.3.1====
====Start Log====
customers/cus_DIl849opGUTDmh/sources request: Array
(
    [limit] => 100
)

====End Log====


2019-12-08T00:21:53+00:00 DEBUG 
====Stripe Version: 4.3.1====
====Start Log====
customers/cus_DIl849opGUTDmh/sources request: Array
(
    [limit] => 100
)

====End Log====


2019-12-08T00:21:58+00:00 DEBUG 
====Stripe Version: 4.3.1====
====Start Log====
customers/cus_DIl849opGUTDmh/sources request: Array
(
    [limit] => 100
)

====End Log====


2019-12-08T00:22:08+00:00 DEBUG 
====Stripe Version: 4.3.1====
====Start Log====
customers/cus_DIl849opGUTDmh/sources request: Array
(
    [limit] => 100
)

====End Log====


2019-12-08T14:21:10+00:00 DEBUG 
====Stripe Version: 4.3.1====
====Start Log====
customers/cus_DIl849opGUTDmh/sources request: Array
(
    [limit] => 100
)

====End Log====


2019-12-08T14:21:14+00:00 DEBUG 
====Stripe Version: 4.3.1====
====Start Log====
customers/cus_DIl849opGUTDmh/sources request: Array
(
    [limit] => 100
)

====End Log====


2019-12-08T14:21:23+00:00 DEBUG 
====Stripe Version: 4.3.1====
====Start Log====
customers/cus_DIl849opGUTDmh/sources request: Array
(
    [limit] => 100
)

====End Log====


2019-12-08T14:24:37+00:00 DEBUG 
====Stripe Version: 4.3.1====
====Start Log====
customers/cus_DIl849opGUTDmh/sources request: Array
(
    [limit] => 100
)

====End Log====


2019-12-08T14:24:40+00:00 DEBUG 
====Stripe Version: 4.3.1====
====Start Log====
customers/cus_DIl849opGUTDmh/sources request: Array
(
    [limit] => 100
)

====End Log====


2019-12-08T14:24:49+00:00 DEBUG 
====Stripe Version: 4.3.1====
====Start Log====
customers/cus_DIl849opGUTDmh/sources request: Array
(
    [limit] => 100
)

====End Log====


2019-12-08T14:27:14+00:00 DEBUG 
====Stripe Version: 4.3.1====
====Start Log====
customers/cus_DIl849opGUTDmh/sources request: Array
(
    [limit] => 100
)

====End Log====


2019-12-08T14:27:16+00:00 DEBUG 
====Stripe Version: 4.3.1====
====Start Log====
customers/cus_DIl849opGUTDmh/sources request: Array
(
    [limit] => 100
)

====End Log====


2019-12-08T14:27:25+00:00 DEBUG 
====Stripe Version: 4.3.1====
====Start Log====
customers/cus_DIl849opGUTDmh/sources request: Array
(
    [limit] => 100
)

====End Log====


2019-12-08T14:28:04+00:00 DEBUG 
====Stripe Version: 4.3.1====
====Start Log====
customers/cus_DIl849opGUTDmh/sources request: Array
(
    [limit] => 100
)

====End Log====


2019-12-08T14:31:49+00:00 DEBUG 
====Stripe Version: 4.3.1====
====Start Log====
customers/cus_DIl849opGUTDmh/sources request: Array
(
    [limit] => 100
)

====End Log====


2019-12-08T14:34:15+00:00 DEBUG 
====Stripe Version: 4.3.1====
====Start Log====
customers/cus_DIl849opGUTDmh/sources request: Array
(
    [limit] => 100
)

====End Log====


2019-12-08T14:35:16+00:00 DEBUG 
====Stripe Version: 4.3.1====
====Start Log====
customers/cus_DIl849opGUTDmh/sources request: Array
(
    [limit] => 100
)

====End Log====


2019-12-08T14:41:49+00:00 DEBUG 
====Stripe Version: 4.3.1====
====Start Log====
customers/cus_DIl849opGUTDmh/sources request: Array
(
    [limit] => 100
)

====End Log====


2019-12-08T14:42:33+00:00 DEBUG 
====Stripe Version: 4.3.1====
====Start Log====
customers/cus_DIl849opGUTDmh/sources request: Array
(
    [limit] => 100
)

====End Log====


2019-12-08T14:43:18+00:00 DEBUG 
====Stripe Version: 4.3.1====
====Start Log====
customers/cus_DIl849opGUTDmh/sources request: Array
(
    [limit] => 100
)

====End Log====


2019-12-08T14:44:18+00:00 DEBUG 
====Stripe Version: 4.3.1====
====Start Log====
customers/cus_DIl849opGUTDmh/sources request: Array
(
    [limit] => 100
)

====End Log====


2019-12-08T14:47:41+00:00 DEBUG 
====Stripe Version: 4.3.1====
====Start Log====
customers/cus_DIl849opGUTDmh/sources request: Array
(
    [limit] => 100
)

====End Log====


2019-12-08T14:52:08+00:00 DEBUG 
====Stripe Version: 4.3.1====
====Start Log====
customers/cus_DIl849opGUTDmh/sources request: Array
(
    [limit] => 100
)

====End Log====


2019-12-08T14:53:32+00:00 DEBUG 
====Stripe Version: 4.3.1====
====Start Log====
customers/cus_DIl849opGUTDmh/sources request: Array
(
    [limit] => 100
)

====End Log====


2019-12-08T14:59:43+00:00 DEBUG 
====Stripe Version: 4.3.1====
====Start Log====
customers/cus_DIl849opGUTDmh/sources request: Array
(
    [limit] => 100
)

====End Log====


2019-12-08T15:14:41+00:00 DEBUG 
====Stripe Version: 4.3.1====
====Start Log====
customers/cus_DIl849opGUTDmh/sources request: Array
(
    [limit] => 100
)

====End Log====


2019-12-08T15:15:27+00:00 DEBUG 
====Stripe Version: 4.3.1====
====Start Log====
customers/cus_DIl849opGUTDmh/sources request: Array
(
    [limit] => 100
)

====End Log====


2019-12-08T15:15:35+00:00 DEBUG 
====Stripe Version: 4.3.1====
====Start Log====
customers/cus_DIl849opGUTDmh/sources request: Array
(
    [limit] => 100
)

====End Log====


2019-12-08T15:15:38+00:00 DEBUG 
====Stripe Version: 4.3.1====
====Start Log====
customers/cus_DIl849opGUTDmh/sources request: Array
(
    [limit] => 100
)

====End Log====


2019-12-08T15:15:44+00:00 DEBUG 
====Stripe Version: 4.3.1====
====Start Log====
customers/cus_DIl849opGUTDmh/sources request: Array
(
    [limit] => 100
)

====End Log====


2019-12-08T15:19:06+00:00 DEBUG 
====Stripe Version: 4.3.1====
====Start Log====
customers/cus_DIl849opGUTDmh/sources request: Array
(
    [limit] => 100
)

====End Log====


2019-12-08T15:19:10+00:00 DEBUG 
====Stripe Version: 4.3.1====
====Start Log====
customers/cus_DIl849opGUTDmh/sources request: Array
(
    [limit] => 100
)

====End Log====


2019-12-08T15:19:15+00:00 DEBUG 
====Stripe Version: 4.3.1====
====Start Log====
customers/cus_DIl849opGUTDmh/sources request: Array
(
    [limit] => 100
)

====End Log====


2019-12-08T15:22:05+00:00 DEBUG 
====Stripe Version: 4.3.1====
====Start Log====
customers/cus_DIl849opGUTDmh/sources request: Array
(
    [limit] => 100
)

====End Log====


2019-12-08T15:22:16+00:00 DEBUG 
====Stripe Version: 4.3.1====
====Start Log====
customers/cus_DIl849opGUTDmh/sources request: Array
(
    [limit] => 100
)

====End Log====


2019-12-08T15:22:19+00:00 DEBUG 
====Stripe Version: 4.3.1====
====Start Log====
customers/cus_DIl849opGUTDmh/sources request: Array
(
    [limit] => 100
)

====End Log====


2019-12-08T15:22:27+00:00 DEBUG 
====Stripe Version: 4.3.1====
====Start Log====
customers/cus_DIl849opGUTDmh/sources request: Array
(
    [limit] => 100
)

====End Log====


2019-12-08T15:22:28+00:00 DEBUG 
====Stripe Version: 4.3.1====
====Start Log====
customers/cus_DIl849opGUTDmh/sources request: Array
(
    [limit] => 100
)

====End Log====


2019-12-08T15:22:30+00:00 DEBUG 
====Stripe Version: 4.3.1====
====Start Log====
customers/cus_DIl849opGUTDmh/sources request: Array
(
    [limit] => 100
)

====End Log====


2019-12-08T15:22:40+00:00 DEBUG 
====Stripe Version: 4.3.1====
====Start Log====
customers/cus_DIl849opGUTDmh/sources request: Array
(
    [limit] => 100
)

====End Log====


