2020-01-02T04:26:08+00:00 DEBUG 
====Stripe Version: 4.3.1====
====Start Log====
customers/cus_GTCzV9FZNFnKyx/sources request: Array
(
    [limit] => 100
)

====End Log====


2020-01-02T04:26:09+00:00 DEBUG 
====Stripe Version: 4.3.1====
====Start Log====
customers/cus_GTCzV9FZNFnKyx/sources request: Array
(
    [limit] => 100
)

====End Log====


2020-01-02T04:26:22+00:00 DEBUG 
====Stripe Version: 4.3.1====
====Start Log====
customers/cus_GTCzV9FZNFnKyx/sources request: Array
(
    [limit] => 100
)

====End Log====


2020-01-02T04:26:22+00:00 DEBUG 
====Stripe Version: 4.3.1====
====Start Log====
customers/cus_GTCzV9FZNFnKyx/sources request: Array
(
    [limit] => 100
)

====End Log====


2020-01-02T04:26:28+00:00 DEBUG 
====Stripe Version: 4.3.1====
====Start Log====
customers/cus_GTCzV9FZNFnKyx/sources request: Array
(
    [limit] => 100
)

====End Log====


2020-01-02T04:26:28+00:00 DEBUG 
====Stripe Version: 4.3.1====
====Start Log====
customers/cus_GTCzV9FZNFnKyx/sources request: Array
(
    [limit] => 100
)

====End Log====


2020-01-02T04:26:50+00:00 DEBUG 
====Stripe Version: 4.3.1====
====Start Log====
sources/src_1FwLGnHqBUA0yb1ijs9Cggga
====End Log====


2020-01-02T04:26:50+00:00 DEBUG 
====Stripe Version: 4.3.1====
====Start Log====
customers/cus_GTCzV9FZNFnKyx request: Array
(
    [email] => darriusah@yahoo.com
    [description] => Name: test test, Username: test
    [metadata] => Array
        (
        )

)

====End Log====


2020-01-02T04:26:50+00:00 DEBUG 
====Stripe Version: 4.3.1====
====Start Log====
Info: Begin processing payment for order 2454 for the amount of 24.99
====End Log====


2020-01-02T04:26:50+00:00 DEBUG 
====Stripe Version: 4.3.1====
====Start Log====
payment_intents request: Array
(
    [source] => src_1FwLGnHqBUA0yb1ijs9Cggga
    [amount] => 2499
    [currency] => usd
    [description] => Speaklight - Order 5311
    [metadata] => Array
        (
            [customer_name] => test test
            [customer_email] => darriusah@yahoo.com
            [order_id] => 5311
        )

    [capture_method] => automatic
    [payment_method_types] => Array
        (
            [0] => card
        )

    [customer] => cus_GTCzV9FZNFnKyx
    [statement_descriptor] => SpeaklightLLC
)

====End Log====


2020-01-02T04:26:50+00:00 DEBUG 
====Stripe Version: 4.3.1====
====Start Log====
Stripe PaymentIntent pi_1FwLGoHqBUA0yb1ibJGaXgLd initiated for order 2454
====End Log====


2020-01-02T04:26:51+00:00 DEBUG 
====Stripe Version: 4.3.1====
====Start Log====
payment_intents/pi_1FwLGoHqBUA0yb1ibJGaXgLd/confirm request: Array
(
    [source] => src_1FwLGnHqBUA0yb1ijs9Cggga
)

====End Log====


2020-01-02T04:26:52+00:00 DEBUG 
====Stripe Version: 4.3.1====
====Start Log====
Stripe PaymentIntent pi_1FwLGoHqBUA0yb1ibJGaXgLd succeeded for order 2454
====End Log====


2020-01-02T04:26:52+00:00 DEBUG 
====Stripe Version: 4.3.1====
====Start Log====
Processing response: stdClass Object
(
    [id] => ch_1FwLGpHqBUA0yb1iaLoZBsDu
    [object] => charge
    [amount] => 2499
    [amount_refunded] => 0
    [application] => 
    [application_fee] => 
    [application_fee_amount] => 
    [balance_transaction] => txn_1FwLGpHqBUA0yb1iNbIuIIdB
    [billing_details] => stdClass Object
        (
            [address] => stdClass Object
                (
                    [city] => tampa
                    [country] => US
                    [line1] => 220 s malcolm ct
                    [line2] => 
                    [postal_code] => 33609
                    [state] => FL
                )

            [email] => darriusah@yahoo.com
            [name] => test test
            [phone] => 
        )

    [captured] => 1
    [created] => 1577939211
    [currency] => usd
    [customer] => cus_GTCzV9FZNFnKyx
    [description] => Speaklight - Order 5311
    [destination] => 
    [dispute] => 
    [disputed] => 
    [failure_code] => 
    [failure_message] => 
    [fraud_details] => stdClass Object
        (
        )

    [invoice] => 
    [livemode] => 
    [metadata] => stdClass Object
        (
            [customer_name] => test test
            [customer_email] => darriusah@yahoo.com
            [order_id] => 5311
        )

    [on_behalf_of] => 
    [order] => 
    [outcome] => stdClass Object
        (
            [network_status] => approved_by_network
            [reason] => 
            [risk_level] => normal
            [risk_score] => 39
            [seller_message] => Payment complete.
            [type] => authorized
        )

    [paid] => 1
    [payment_intent] => pi_1FwLGoHqBUA0yb1ibJGaXgLd
    [payment_method] => src_1FwLGnHqBUA0yb1ijs9Cggga
    [payment_method_details] => stdClass Object
        (
            [card] => stdClass Object
                (
                    [brand] => visa
                    [checks] => stdClass Object
                        (
                            [address_line1_check] => pass
                            [address_postal_code_check] => pass
                            [cvc_check] => pass
                        )

                    [country] => US
                    [exp_month] => 12
                    [exp_year] => 2021
                    [fingerprint] => GPax4V9ULNxTeK1q
                    [funding] => credit
                    [installments] => 
                    [last4] => 4242
                    [network] => visa
                    [three_d_secure] => 
                    [wallet] => 
                )

            [type] => card
        )

    [receipt_email] => 
    [receipt_number] => 
    [receipt_url] => https://pay.stripe.com/receipts/acct_1Cs9QMHqBUA0yb1i/ch_1FwLGpHqBUA0yb1iaLoZBsDu/rcpt_GTHqNprrHwwWJ9Tqgit8lG0uq5W7Wul
    [refunded] => 
    [refunds] => stdClass Object
        (
            [object] => list
            [data] => Array
                (
                )

            [has_more] => 
            [total_count] => 0
            [url] => /v1/charges/ch_1FwLGpHqBUA0yb1iaLoZBsDu/refunds
        )

    [review] => 
    [shipping] => 
    [source] => stdClass Object
        (
            [id] => src_1FwLGnHqBUA0yb1ijs9Cggga
            [object] => source
            [amount] => 
            [card] => stdClass Object
                (
                    [exp_month] => 12
                    [exp_year] => 2021
                    [last4] => 4242
                    [country] => US
                    [brand] => Visa
                    [address_line1_check] => pass
                    [address_zip_check] => pass
                    [cvc_check] => pass
                    [funding] => credit
                    [fingerprint] => GPax4V9ULNxTeK1q
                    [three_d_secure] => optional
                    [name] => 
                    [tokenization_method] => 
                    [dynamic_last4] => 
                )

            [client_secret] => src_client_secret_GTHqFiRO3zEWRWZanQ9KSm0r
            [created] => 1577939211
            [currency] => 
            [flow] => none
            [livemode] => 
            [metadata] => stdClass Object
                (
                )

            [owner] => stdClass Object
                (
                    [address] => stdClass Object
                        (
                            [city] => tampa
                            [country] => US
                            [line1] => 220 s malcolm ct
                            [line2] => 
                            [postal_code] => 33609
                            [state] => FL
                        )

                    [email] => darriusah@yahoo.com
                    [name] => test test
                    [phone] => 
                    [verified_address] => 
                    [verified_email] => 
                    [verified_name] => 
                    [verified_phone] => 
                )

            [statement_descriptor] => 
            [status] => consumed
            [type] => card
            [usage] => reusable
        )

    [source_transfer] => 
    [statement_descriptor] => SpeaklightLLC
    [statement_descriptor_suffix] => 
    [status] => succeeded
    [transfer_data] => 
    [transfer_group] => 
)

====End Log====


2020-01-02T04:26:52+00:00 DEBUG 
====Stripe Version: 4.3.1====
====Start Log====
balance/history/txn_1FwLGpHqBUA0yb1iNbIuIIdB
====End Log====


