2020-02-02T00:14:40+00:00 DEBUG 
====Stripe Version: 4.3.1====
====Start Log====
Stripe Payment Request live mode requires SSL.
====End Log====


2020-02-02T00:19:08+00:00 DEBUG 
====Stripe Version: 4.3.1====
====Start Log====
Stripe Payment Request live mode requires SSL.
====End Log====


2020-02-02T00:19:08+00:00 DEBUG 
====Stripe Version: 4.3.1====
====Start Log====
Stripe Payment Request live mode requires SSL.
====End Log====


2020-02-02T00:19:09+00:00 DEBUG 
====Stripe Version: 4.3.1====
====Start Log====
Stripe Payment Request live mode requires SSL.
====End Log====


2020-02-02T00:19:09+00:00 DEBUG 
====Stripe Version: 4.3.1====
====Start Log====
Stripe Payment Request live mode requires SSL.
====End Log====


2020-02-02T00:25:58+00:00 DEBUG 
====Stripe Version: 4.3.1====
====Start Log====
Stripe Payment Request live mode requires SSL.
====End Log====


2020-02-02T00:35:39+00:00 DEBUG 
====Stripe Version: 4.3.1====
====Start Log====
Stripe Payment Request live mode requires SSL.
====End Log====


2020-02-02T00:36:22+00:00 DEBUG 
====Stripe Version: 4.3.1====
====Start Log====
Stripe Payment Request live mode requires SSL.
====End Log====


2020-02-02T00:36:28+00:00 DEBUG 
====Stripe Version: 4.3.1====
====Start Log====
Stripe Payment Request live mode requires SSL.
====End Log====


2020-02-02T00:36:29+00:00 DEBUG 
====Stripe Version: 4.3.1====
====Start Log====
Stripe Payment Request live mode requires SSL.
====End Log====


2020-02-02T00:36:31+00:00 DEBUG 
====Stripe Version: 4.3.1====
====Start Log====
Stripe Payment Request live mode requires SSL.
====End Log====


2020-02-02T00:36:31+00:00 DEBUG 
====Stripe Version: 4.3.1====
====Start Log====
Stripe Payment Request live mode requires SSL.
====End Log====


2020-02-02T00:45:40+00:00 DEBUG 
====Stripe Version: 4.3.1====
====Start Log====
Stripe Payment Request live mode requires SSL.
====End Log====


2020-02-02T00:45:43+00:00 DEBUG 
====Stripe Version: 4.3.1====
====Start Log====
Stripe Payment Request live mode requires SSL.
====End Log====


2020-02-02T00:45:44+00:00 DEBUG 
====Stripe Version: 4.3.1====
====Start Log====
Stripe Payment Request live mode requires SSL.
====End Log====


2020-02-02T00:45:46+00:00 DEBUG 
====Stripe Version: 4.3.1====
====Start Log====
Stripe Payment Request live mode requires SSL.
====End Log====


2020-02-02T00:46:07+00:00 DEBUG 
====Stripe Version: 4.3.1====
====Start Log====
Stripe Payment Request live mode requires SSL.
====End Log====


2020-02-02T00:46:08+00:00 DEBUG 
====Stripe Version: 4.3.1====
====Start Log====
Stripe Payment Request live mode requires SSL.
====End Log====


2020-02-02T00:48:35+00:00 DEBUG 
====Stripe Version: 4.3.1====
====Start Log====
Stripe Payment Request live mode requires SSL.
====End Log====


2020-02-02T00:48:37+00:00 DEBUG 
====Stripe Version: 4.3.1====
====Start Log====
Stripe Payment Request live mode requires SSL.
====End Log====


2020-02-02T00:48:37+00:00 DEBUG 
====Stripe Version: 4.3.1====
====Start Log====
Stripe Payment Request live mode requires SSL.
====End Log====


2020-02-02T00:48:38+00:00 DEBUG 
====Stripe Version: 4.3.1====
====Start Log====
Stripe Payment Request live mode requires SSL.
====End Log====


2020-02-02T00:53:03+00:00 DEBUG 
====Stripe Version: 4.3.1====
====Start Log====
Stripe Payment Request live mode requires SSL.
====End Log====


2020-02-02T00:53:03+00:00 DEBUG 
====Stripe Version: 4.3.1====
====Start Log====
Stripe Payment Request live mode requires SSL.
====End Log====


2020-02-02T00:53:05+00:00 DEBUG 
====Stripe Version: 4.3.1====
====Start Log====
Stripe Payment Request live mode requires SSL.
====End Log====


2020-02-02T00:53:05+00:00 DEBUG 
====Stripe Version: 4.3.1====
====Start Log====
Stripe Payment Request live mode requires SSL.
====End Log====


2020-02-02T00:53:31+00:00 DEBUG 
====Stripe Version: 4.3.1====
====Start Log====
Stripe Payment Request live mode requires SSL.
====End Log====


2020-02-02T00:53:31+00:00 DEBUG 
====Stripe Version: 4.3.1====
====Start Log====
Stripe Payment Request live mode requires SSL.
====End Log====


2020-02-02T00:53:33+00:00 DEBUG 
====Stripe Version: 4.3.1====
====Start Log====
Stripe Payment Request live mode requires SSL.
====End Log====


2020-02-02T00:53:33+00:00 DEBUG 
====Stripe Version: 4.3.1====
====Start Log====
Stripe Payment Request live mode requires SSL.
====End Log====


2020-02-02T00:56:23+00:00 DEBUG 
====Stripe Version: 4.3.1====
====Start Log====
Stripe Payment Request live mode requires SSL.
====End Log====


2020-02-02T00:59:35+00:00 DEBUG 
====Stripe Version: 4.3.1====
====Start Log====
Stripe Payment Request live mode requires SSL.
====End Log====


2020-02-02T00:59:36+00:00 DEBUG 
====Stripe Version: 4.3.1====
====Start Log====
Stripe Payment Request live mode requires SSL.
====End Log====


2020-02-02T00:59:37+00:00 DEBUG 
====Stripe Version: 4.3.1====
====Start Log====
Stripe Payment Request live mode requires SSL.
====End Log====


2020-02-02T00:59:39+00:00 DEBUG 
====Stripe Version: 4.3.1====
====Start Log====
Stripe Payment Request live mode requires SSL.
====End Log====


2020-02-02T00:59:41+00:00 DEBUG 
====Stripe Version: 4.3.1====
====Start Log====
Stripe Payment Request live mode requires SSL.
====End Log====


2020-02-02T00:59:41+00:00 DEBUG 
====Stripe Version: 4.3.1====
====Start Log====
Stripe Payment Request live mode requires SSL.
====End Log====


2020-02-02T01:09:38+00:00 DEBUG 
====Stripe Version: 4.3.1====
====Start Log====
Stripe Payment Request live mode requires SSL.
====End Log====


2020-02-02T01:11:30+00:00 DEBUG 
====Stripe Version: 4.3.1====
====Start Log====
Stripe Payment Request live mode requires SSL.
====End Log====


2020-02-02T01:33:25+00:00 DEBUG 
====Stripe Version: 4.3.1====
====Start Log====
Stripe Payment Request live mode requires SSL.
====End Log====


2020-02-02T02:03:22+00:00 DEBUG 
====Stripe Version: 4.3.1====
====Start Log====
Stripe Payment Request live mode requires SSL.
====End Log====


2020-02-02T02:05:33+00:00 DEBUG 
====Stripe Version: 4.3.1====
====Start Log====
Stripe Payment Request live mode requires SSL.
====End Log====


2020-02-02T02:05:33+00:00 DEBUG 
====Stripe Version: 4.3.1====
====Start Log====
Stripe Payment Request live mode requires SSL.
====End Log====


2020-02-02T02:05:33+00:00 DEBUG 
====Stripe Version: 4.3.1====
====Start Log====
Stripe Payment Request live mode requires SSL.
====End Log====


2020-02-02T02:05:34+00:00 DEBUG 
====Stripe Version: 4.3.1====
====Start Log====
Stripe Payment Request live mode requires SSL.
====End Log====


2020-02-02T02:11:13+00:00 DEBUG 
====Stripe Version: 4.3.1====
====Start Log====
Stripe Payment Request live mode requires SSL.
====End Log====


2020-02-02T02:12:39+00:00 DEBUG 
====Stripe Version: 4.3.1====
====Start Log====
Stripe Payment Request live mode requires SSL.
====End Log====


2020-02-02T02:21:51+00:00 DEBUG 
====Stripe Version: 4.3.1====
====Start Log====
Stripe Payment Request live mode requires SSL.
====End Log====


2020-02-02T02:33:56+00:00 DEBUG 
====Stripe Version: 4.3.1====
====Start Log====
Stripe Payment Request live mode requires SSL.
====End Log====


2020-02-02T03:14:15+00:00 DEBUG 
====Stripe Version: 4.3.1====
====Start Log====
Stripe Payment Request live mode requires SSL.
====End Log====


2020-02-02T03:29:56+00:00 DEBUG 
====Stripe Version: 4.3.1====
====Start Log====
Stripe Payment Request live mode requires SSL.
====End Log====


2020-02-02T03:44:59+00:00 DEBUG 
====Stripe Version: 4.3.1====
====Start Log====
Stripe Payment Request live mode requires SSL.
====End Log====


2020-02-02T03:50:41+00:00 DEBUG 
====Stripe Version: 4.3.1====
====Start Log====
Stripe Payment Request live mode requires SSL.
====End Log====


2020-02-02T03:53:15+00:00 DEBUG 
====Stripe Version: 4.3.1====
====Start Log====
Stripe Payment Request live mode requires SSL.
====End Log====


2020-02-02T03:56:37+00:00 DEBUG 
====Stripe Version: 4.3.1====
====Start Log====
Stripe Payment Request live mode requires SSL.
====End Log====


2020-02-02T03:56:38+00:00 DEBUG 
====Stripe Version: 4.3.1====
====Start Log====
Stripe Payment Request live mode requires SSL.
====End Log====


2020-02-02T04:02:07+00:00 DEBUG 
====Stripe Version: 4.3.1====
====Start Log====
Stripe Payment Request live mode requires SSL.
====End Log====


2020-02-02T04:02:18+00:00 DEBUG 
====Stripe Version: 4.3.1====
====Start Log====
Stripe Payment Request live mode requires SSL.
====End Log====


2020-02-02T04:04:28+00:00 DEBUG 
====Stripe Version: 4.3.1====
====Start Log====
Stripe Payment Request live mode requires SSL.
====End Log====


2020-02-02T04:08:34+00:00 DEBUG 
====Stripe Version: 4.3.1====
====Start Log====
Stripe Payment Request live mode requires SSL.
====End Log====


2020-02-02T04:13:58+00:00 DEBUG 
====Stripe Version: 4.3.1====
====Start Log====
Stripe Payment Request live mode requires SSL.
====End Log====


2020-02-02T04:15:13+00:00 DEBUG 
====Stripe Version: 4.3.1====
====Start Log====
Stripe Payment Request live mode requires SSL.
====End Log====


2020-02-02T04:15:47+00:00 DEBUG 
====Stripe Version: 4.3.1====
====Start Log====
Stripe Payment Request live mode requires SSL.
====End Log====


2020-02-02T04:17:50+00:00 DEBUG 
====Stripe Version: 4.3.1====
====Start Log====
Stripe Payment Request live mode requires SSL.
====End Log====


2020-02-02T04:18:10+00:00 DEBUG 
====Stripe Version: 4.3.1====
====Start Log====
Stripe Payment Request live mode requires SSL.
====End Log====


2020-02-02T04:21:09+00:00 DEBUG 
====Stripe Version: 4.3.1====
====Start Log====
Stripe Payment Request live mode requires SSL.
====End Log====


2020-02-02T04:44:14+00:00 DEBUG 
====Stripe Version: 4.3.1====
====Start Log====
Stripe Payment Request live mode requires SSL.
====End Log====


2020-02-02T04:48:11+00:00 DEBUG 
====Stripe Version: 4.3.1====
====Start Log====
Stripe Payment Request live mode requires SSL.
====End Log====


2020-02-02T05:04:52+00:00 DEBUG 
====Stripe Version: 4.3.1====
====Start Log====
Stripe Payment Request live mode requires SSL.
====End Log====


2020-02-02T05:09:06+00:00 DEBUG 
====Stripe Version: 4.3.1====
====Start Log====
Stripe Payment Request live mode requires SSL.
====End Log====


2020-02-02T05:27:41+00:00 DEBUG 
====Stripe Version: 4.3.1====
====Start Log====
Stripe Payment Request live mode requires SSL.
====End Log====


2020-02-02T05:50:42+00:00 DEBUG 
====Stripe Version: 4.3.1====
====Start Log====
Stripe Payment Request live mode requires SSL.
====End Log====


2020-02-02T05:57:20+00:00 DEBUG 
====Stripe Version: 4.3.1====
====Start Log====
Stripe Payment Request live mode requires SSL.
====End Log====


2020-02-02T05:58:43+00:00 DEBUG 
====Stripe Version: 4.3.1====
====Start Log====
Stripe Payment Request live mode requires SSL.
====End Log====


2020-02-02T05:58:48+00:00 DEBUG 
====Stripe Version: 4.3.1====
====Start Log====
Stripe Payment Request live mode requires SSL.
====End Log====


2020-02-02T05:58:49+00:00 DEBUG 
====Stripe Version: 4.3.1====
====Start Log====
Stripe Payment Request live mode requires SSL.
====End Log====


2020-02-02T06:21:43+00:00 DEBUG 
====Stripe Version: 4.3.1====
====Start Log====
Stripe Payment Request live mode requires SSL.
====End Log====


2020-02-02T06:33:14+00:00 DEBUG 
====Stripe Version: 4.3.1====
====Start Log====
Stripe Payment Request live mode requires SSL.
====End Log====


2020-02-02T06:33:14+00:00 DEBUG 
====Stripe Version: 4.3.1====
====Start Log====
Stripe Payment Request live mode requires SSL.
====End Log====


2020-02-02T06:34:25+00:00 DEBUG 
====Stripe Version: 4.3.1====
====Start Log====
Stripe Payment Request live mode requires SSL.
====End Log====


2020-02-02T06:35:41+00:00 DEBUG 
====Stripe Version: 4.3.1====
====Start Log====
Stripe Payment Request live mode requires SSL.
====End Log====


2020-02-02T06:36:23+00:00 DEBUG 
====Stripe Version: 4.3.1====
====Start Log====
Stripe Payment Request live mode requires SSL.
====End Log====


2020-02-02T06:36:38+00:00 DEBUG 
====Stripe Version: 4.3.1====
====Start Log====
Stripe Payment Request live mode requires SSL.
====End Log====


2020-02-02T06:36:46+00:00 DEBUG 
====Stripe Version: 4.3.1====
====Start Log====
Stripe Payment Request live mode requires SSL.
====End Log====


2020-02-02T06:40:06+00:00 DEBUG 
====Stripe Version: 4.3.1====
====Start Log====
Stripe Payment Request live mode requires SSL.
====End Log====


2020-02-02T06:40:12+00:00 DEBUG 
====Stripe Version: 4.3.1====
====Start Log====
Stripe Payment Request live mode requires SSL.
====End Log====


2020-02-02T06:40:13+00:00 DEBUG 
====Stripe Version: 4.3.1====
====Start Log====
Stripe Payment Request live mode requires SSL.
====End Log====


2020-02-02T06:40:14+00:00 DEBUG 
====Stripe Version: 4.3.1====
====Start Log====
Stripe Payment Request live mode requires SSL.
====End Log====


2020-02-02T06:40:14+00:00 DEBUG 
====Stripe Version: 4.3.1====
====Start Log====
Stripe Payment Request live mode requires SSL.
====End Log====


2020-02-02T06:49:31+00:00 DEBUG 
====Stripe Version: 4.3.1====
====Start Log====
Stripe Payment Request live mode requires SSL.
====End Log====


2020-02-02T07:15:59+00:00 DEBUG 
====Stripe Version: 4.3.1====
====Start Log====
Stripe Payment Request live mode requires SSL.
====End Log====


