2020-01-31T00:17:40+00:00 DEBUG 
====Stripe Version: 4.3.1====
====Start Log====
Stripe Payment Request live mode requires SSL.
====End Log====


2020-01-31T00:17:40+00:00 DEBUG 
====Stripe Version: 4.3.1====
====Start Log====
Stripe Payment Request live mode requires SSL.
====End Log====


2020-01-31T01:34:12+00:00 DEBUG 
====Stripe Version: 4.3.1====
====Start Log====
Stripe Payment Request live mode requires SSL.
====End Log====


2020-01-31T02:53:08+00:00 DEBUG 
====Stripe Version: 4.3.1====
====Start Log====
Stripe Payment Request live mode requires SSL.
====End Log====


2020-01-31T02:54:51+00:00 DEBUG 
====Stripe Version: 4.3.1====
====Start Log====
Stripe Payment Request live mode requires SSL.
====End Log====


2020-01-31T03:01:32+00:00 DEBUG 
====Stripe Version: 4.3.1====
====Start Log====
Stripe Payment Request live mode requires SSL.
====End Log====


2020-01-31T03:01:34+00:00 DEBUG 
====Stripe Version: 4.3.1====
====Start Log====
Stripe Payment Request live mode requires SSL.
====End Log====


2020-01-31T03:06:20+00:00 DEBUG 
====Stripe Version: 4.3.1====
====Start Log====
Stripe Payment Request live mode requires SSL.
====End Log====


2020-01-31T03:19:31+00:00 DEBUG 
====Stripe Version: 4.3.1====
====Start Log====
Stripe Payment Request live mode requires SSL.
====End Log====


2020-01-31T03:57:46+00:00 DEBUG 
====Stripe Version: 4.3.1====
====Start Log====
Stripe Payment Request live mode requires SSL.
====End Log====


2020-01-31T03:57:46+00:00 DEBUG 
====Stripe Version: 4.3.1====
====Start Log====
Stripe Payment Request live mode requires SSL.
====End Log====


2020-01-31T03:57:46+00:00 DEBUG 
====Stripe Version: 4.3.1====
====Start Log====
Stripe Payment Request live mode requires SSL.
====End Log====


2020-01-31T03:57:46+00:00 DEBUG 
====Stripe Version: 4.3.1====
====Start Log====
Stripe Payment Request live mode requires SSL.
====End Log====


2020-01-31T03:57:47+00:00 DEBUG 
====Stripe Version: 4.3.1====
====Start Log====
Stripe Payment Request live mode requires SSL.
====End Log====


2020-01-31T03:57:48+00:00 DEBUG 
====Stripe Version: 4.3.1====
====Start Log====
Stripe Payment Request live mode requires SSL.
====End Log====


2020-01-31T03:57:50+00:00 DEBUG 
====Stripe Version: 4.3.1====
====Start Log====
Stripe Payment Request live mode requires SSL.
====End Log====


2020-01-31T03:57:54+00:00 DEBUG 
====Stripe Version: 4.3.1====
====Start Log====
Stripe Payment Request live mode requires SSL.
====End Log====


2020-01-31T03:57:56+00:00 DEBUG 
====Stripe Version: 4.3.1====
====Start Log====
Stripe Payment Request live mode requires SSL.
====End Log====


2020-01-31T03:57:58+00:00 DEBUG 
====Stripe Version: 4.3.1====
====Start Log====
Stripe Payment Request live mode requires SSL.
====End Log====


2020-01-31T03:58:02+00:00 DEBUG 
====Stripe Version: 4.3.1====
====Start Log====
Stripe Payment Request live mode requires SSL.
====End Log====


2020-01-31T03:58:03+00:00 DEBUG 
====Stripe Version: 4.3.1====
====Start Log====
Stripe Payment Request live mode requires SSL.
====End Log====


2020-01-31T03:58:05+00:00 DEBUG 
====Stripe Version: 4.3.1====
====Start Log====
Stripe Payment Request live mode requires SSL.
====End Log====


2020-01-31T03:58:06+00:00 DEBUG 
====Stripe Version: 4.3.1====
====Start Log====
Stripe Payment Request live mode requires SSL.
====End Log====


2020-01-31T03:58:08+00:00 DEBUG 
====Stripe Version: 4.3.1====
====Start Log====
Stripe Payment Request live mode requires SSL.
====End Log====


2020-01-31T04:27:50+00:00 DEBUG 
====Stripe Version: 4.3.1====
====Start Log====
Stripe Payment Request live mode requires SSL.
====End Log====


2020-01-31T04:27:51+00:00 DEBUG 
====Stripe Version: 4.3.1====
====Start Log====
Stripe Payment Request live mode requires SSL.
====End Log====


2020-01-31T05:07:38+00:00 DEBUG 
====Stripe Version: 4.3.1====
====Start Log====
Stripe Payment Request live mode requires SSL.
====End Log====


2020-01-31T05:07:40+00:00 DEBUG 
====Stripe Version: 4.3.1====
====Start Log====
Stripe Payment Request live mode requires SSL.
====End Log====


2020-01-31T05:10:01+00:00 DEBUG 
====Stripe Version: 4.3.1====
====Start Log====
Stripe Payment Request live mode requires SSL.
====End Log====


2020-01-31T06:09:56+00:00 DEBUG 
====Stripe Version: 4.3.1====
====Start Log====
Stripe Payment Request live mode requires SSL.
====End Log====


2020-01-31T06:11:32+00:00 DEBUG 
====Stripe Version: 4.3.1====
====Start Log====
Stripe Payment Request live mode requires SSL.
====End Log====


2020-01-31T06:49:17+00:00 DEBUG 
====Stripe Version: 4.3.1====
====Start Log====
Stripe Payment Request live mode requires SSL.
====End Log====


2020-01-31T06:49:21+00:00 DEBUG 
====Stripe Version: 4.3.1====
====Start Log====
Stripe Payment Request live mode requires SSL.
====End Log====


2020-01-31T06:49:26+00:00 DEBUG 
====Stripe Version: 4.3.1====
====Start Log====
Stripe Payment Request live mode requires SSL.
====End Log====


2020-01-31T06:49:26+00:00 DEBUG 
====Stripe Version: 4.3.1====
====Start Log====
Stripe Payment Request live mode requires SSL.
====End Log====


2020-01-31T06:49:31+00:00 DEBUG 
====Stripe Version: 4.3.1====
====Start Log====
Stripe Payment Request live mode requires SSL.
====End Log====


2020-01-31T06:49:33+00:00 DEBUG 
====Stripe Version: 4.3.1====
====Start Log====
Stripe Payment Request live mode requires SSL.
====End Log====


2020-01-31T06:49:39+00:00 DEBUG 
====Stripe Version: 4.3.1====
====Start Log====
Stripe Payment Request live mode requires SSL.
====End Log====


2020-01-31T06:49:40+00:00 DEBUG 
====Stripe Version: 4.3.1====
====Start Log====
Stripe Payment Request live mode requires SSL.
====End Log====


2020-01-31T06:49:41+00:00 DEBUG 
====Stripe Version: 4.3.1====
====Start Log====
Stripe Payment Request live mode requires SSL.
====End Log====


2020-01-31T06:49:42+00:00 DEBUG 
====Stripe Version: 4.3.1====
====Start Log====
Stripe Payment Request live mode requires SSL.
====End Log====


2020-01-31T06:49:42+00:00 DEBUG 
====Stripe Version: 4.3.1====
====Start Log====
Stripe Payment Request live mode requires SSL.
====End Log====


2020-01-31T06:49:54+00:00 DEBUG 
====Stripe Version: 4.3.1====
====Start Log====
Stripe Payment Request live mode requires SSL.
====End Log====


2020-01-31T06:49:56+00:00 DEBUG 
====Stripe Version: 4.3.1====
====Start Log====
Stripe Payment Request live mode requires SSL.
====End Log====


2020-01-31T06:49:56+00:00 DEBUG 
====Stripe Version: 4.3.1====
====Start Log====
Stripe Payment Request live mode requires SSL.
====End Log====


2020-01-31T06:49:57+00:00 DEBUG 
====Stripe Version: 4.3.1====
====Start Log====
Stripe Payment Request live mode requires SSL.
====End Log====


2020-01-31T06:50:32+00:00 DEBUG 
====Stripe Version: 4.3.1====
====Start Log====
Stripe Payment Request live mode requires SSL.
====End Log====


2020-01-31T06:50:33+00:00 DEBUG 
====Stripe Version: 4.3.1====
====Start Log====
Stripe Payment Request live mode requires SSL.
====End Log====


2020-01-31T06:50:33+00:00 DEBUG 
====Stripe Version: 4.3.1====
====Start Log====
Stripe Payment Request live mode requires SSL.
====End Log====


2020-01-31T06:51:15+00:00 DEBUG 
====Stripe Version: 4.3.1====
====Start Log====
Stripe Payment Request live mode requires SSL.
====End Log====


2020-01-31T06:51:16+00:00 DEBUG 
====Stripe Version: 4.3.1====
====Start Log====
Stripe Payment Request live mode requires SSL.
====End Log====


2020-01-31T06:51:16+00:00 DEBUG 
====Stripe Version: 4.3.1====
====Start Log====
Stripe Payment Request live mode requires SSL.
====End Log====


2020-01-31T06:51:35+00:00 DEBUG 
====Stripe Version: 4.3.1====
====Start Log====
Stripe Payment Request live mode requires SSL.
====End Log====


2020-01-31T06:51:37+00:00 DEBUG 
====Stripe Version: 4.3.1====
====Start Log====
Stripe Payment Request live mode requires SSL.
====End Log====


2020-01-31T06:51:37+00:00 DEBUG 
====Stripe Version: 4.3.1====
====Start Log====
Stripe Payment Request live mode requires SSL.
====End Log====


2020-01-31T06:52:13+00:00 DEBUG 
====Stripe Version: 4.3.1====
====Start Log====
Stripe Payment Request live mode requires SSL.
====End Log====


2020-01-31T06:52:29+00:00 DEBUG 
====Stripe Version: 4.3.1====
====Start Log====
Stripe Payment Request live mode requires SSL.
====End Log====


2020-01-31T06:52:36+00:00 DEBUG 
====Stripe Version: 4.3.1====
====Start Log====
Stripe Payment Request live mode requires SSL.
====End Log====


2020-01-31T06:52:42+00:00 DEBUG 
====Stripe Version: 4.3.1====
====Start Log====
Stripe Payment Request live mode requires SSL.
====End Log====


2020-01-31T06:52:51+00:00 DEBUG 
====Stripe Version: 4.3.1====
====Start Log====
Stripe Payment Request live mode requires SSL.
====End Log====


2020-01-31T06:53:42+00:00 DEBUG 
====Stripe Version: 4.3.1====
====Start Log====
Stripe Payment Request live mode requires SSL.
====End Log====


2020-01-31T06:55:40+00:00 DEBUG 
====Stripe Version: 4.3.1====
====Start Log====
Stripe Payment Request live mode requires SSL.
====End Log====


2020-01-31T06:56:23+00:00 DEBUG 
====Stripe Version: 4.3.1====
====Start Log====
Stripe Payment Request live mode requires SSL.
====End Log====


2020-01-31T06:59:27+00:00 DEBUG 
====Stripe Version: 4.3.1====
====Start Log====
Stripe Payment Request live mode requires SSL.
====End Log====


2020-01-31T06:59:34+00:00 DEBUG 
====Stripe Version: 4.3.1====
====Start Log====
Stripe Payment Request live mode requires SSL.
====End Log====


2020-01-31T06:59:48+00:00 DEBUG 
====Stripe Version: 4.3.1====
====Start Log====
Stripe Payment Request live mode requires SSL.
====End Log====


2020-01-31T06:59:52+00:00 DEBUG 
====Stripe Version: 4.3.1====
====Start Log====
Stripe Payment Request live mode requires SSL.
====End Log====


2020-01-31T06:59:57+00:00 DEBUG 
====Stripe Version: 4.3.1====
====Start Log====
Stripe Payment Request live mode requires SSL.
====End Log====


2020-01-31T07:03:16+00:00 DEBUG 
====Stripe Version: 4.3.1====
====Start Log====
Stripe Payment Request live mode requires SSL.
====End Log====


2020-01-31T07:05:35+00:00 DEBUG 
====Stripe Version: 4.3.1====
====Start Log====
Stripe Payment Request live mode requires SSL.
====End Log====


2020-01-31T07:05:46+00:00 DEBUG 
====Stripe Version: 4.3.1====
====Start Log====
Stripe Payment Request live mode requires SSL.
====End Log====


2020-01-31T07:09:04+00:00 DEBUG 
====Stripe Version: 4.3.1====
====Start Log====
Stripe Payment Request live mode requires SSL.
====End Log====


2020-01-31T07:11:23+00:00 DEBUG 
====Stripe Version: 4.3.1====
====Start Log====
Stripe Payment Request live mode requires SSL.
====End Log====


2020-01-31T07:15:57+00:00 DEBUG 
====Stripe Version: 4.3.1====
====Start Log====
Stripe Payment Request live mode requires SSL.
====End Log====


2020-01-31T07:17:10+00:00 DEBUG 
====Stripe Version: 4.3.1====
====Start Log====
Stripe Payment Request live mode requires SSL.
====End Log====


2020-01-31T07:17:38+00:00 DEBUG 
====Stripe Version: 4.3.1====
====Start Log====
Stripe Payment Request live mode requires SSL.
====End Log====


2020-01-31T07:19:35+00:00 DEBUG 
====Stripe Version: 4.3.1====
====Start Log====
Stripe Payment Request live mode requires SSL.
====End Log====


2020-01-31T07:21:10+00:00 DEBUG 
====Stripe Version: 4.3.1====
====Start Log====
Stripe Payment Request live mode requires SSL.
====End Log====


2020-01-31T07:22:32+00:00 DEBUG 
====Stripe Version: 4.3.1====
====Start Log====
Stripe Payment Request live mode requires SSL.
====End Log====


2020-01-31T07:39:30+00:00 DEBUG 
====Stripe Version: 4.3.1====
====Start Log====
Stripe Payment Request live mode requires SSL.
====End Log====


2020-01-31T08:21:11+00:00 DEBUG 
====Stripe Version: 4.3.1====
====Start Log====
Stripe Payment Request live mode requires SSL.
====End Log====


2020-01-31T08:36:12+00:00 DEBUG 
====Stripe Version: 4.3.1====
====Start Log====
Stripe Payment Request live mode requires SSL.
====End Log====


2020-01-31T08:44:25+00:00 DEBUG 
====Stripe Version: 4.3.1====
====Start Log====
Stripe Payment Request live mode requires SSL.
====End Log====


2020-01-31T09:17:02+00:00 DEBUG 
====Stripe Version: 4.3.1====
====Start Log====
Stripe Payment Request live mode requires SSL.
====End Log====


2020-01-31T09:30:08+00:00 DEBUG 
====Stripe Version: 4.3.1====
====Start Log====
Stripe Payment Request live mode requires SSL.
====End Log====


2020-01-31T09:58:49+00:00 DEBUG 
====Stripe Version: 4.3.1====
====Start Log====
Stripe Payment Request live mode requires SSL.
====End Log====


2020-01-31T10:01:27+00:00 DEBUG 
====Stripe Version: 4.3.1====
====Start Log====
Stripe Payment Request live mode requires SSL.
====End Log====


2020-01-31T10:18:41+00:00 DEBUG 
====Stripe Version: 4.3.1====
====Start Log====
Stripe Payment Request live mode requires SSL.
====End Log====


2020-01-31T10:18:43+00:00 DEBUG 
====Stripe Version: 4.3.1====
====Start Log====
Stripe Payment Request live mode requires SSL.
====End Log====


2020-01-31T10:18:47+00:00 DEBUG 
====Stripe Version: 4.3.1====
====Start Log====
Stripe Payment Request live mode requires SSL.
====End Log====


2020-01-31T10:18:48+00:00 DEBUG 
====Stripe Version: 4.3.1====
====Start Log====
Stripe Payment Request live mode requires SSL.
====End Log====


2020-01-31T10:23:42+00:00 DEBUG 
====Stripe Version: 4.3.1====
====Start Log====
Stripe Payment Request live mode requires SSL.
====End Log====


2020-01-31T10:32:58+00:00 DEBUG 
====Stripe Version: 4.3.1====
====Start Log====
Stripe Payment Request live mode requires SSL.
====End Log====


2020-01-31T10:48:40+00:00 DEBUG 
====Stripe Version: 4.3.1====
====Start Log====
Stripe Payment Request live mode requires SSL.
====End Log====


2020-01-31T10:50:15+00:00 DEBUG 
====Stripe Version: 4.3.1====
====Start Log====
Stripe Payment Request live mode requires SSL.
====End Log====


2020-01-31T11:26:14+00:00 DEBUG 
====Stripe Version: 4.3.1====
====Start Log====
Stripe Payment Request live mode requires SSL.
====End Log====


2020-01-31T11:55:56+00:00 DEBUG 
====Stripe Version: 4.3.1====
====Start Log====
Stripe Payment Request live mode requires SSL.
====End Log====


2020-01-31T12:27:10+00:00 DEBUG 
====Stripe Version: 4.3.1====
====Start Log====
Stripe Payment Request live mode requires SSL.
====End Log====


2020-01-31T12:32:21+00:00 DEBUG 
====Stripe Version: 4.3.1====
====Start Log====
Stripe Payment Request live mode requires SSL.
====End Log====


2020-01-31T13:02:56+00:00 DEBUG 
====Stripe Version: 4.3.1====
====Start Log====
Stripe Payment Request live mode requires SSL.
====End Log====


2020-01-31T13:14:19+00:00 DEBUG 
====Stripe Version: 4.3.1====
====Start Log====
Stripe Payment Request live mode requires SSL.
====End Log====


2020-01-31T13:26:32+00:00 DEBUG 
====Stripe Version: 4.3.1====
====Start Log====
Stripe Payment Request live mode requires SSL.
====End Log====


2020-01-31T14:50:20+00:00 DEBUG 
====Stripe Version: 4.3.1====
====Start Log====
Stripe Payment Request live mode requires SSL.
====End Log====


2020-01-31T15:02:16+00:00 DEBUG 
====Stripe Version: 4.3.1====
====Start Log====
Stripe Payment Request live mode requires SSL.
====End Log====


2020-01-31T15:40:57+00:00 DEBUG 
====Stripe Version: 4.3.1====
====Start Log====
Stripe Payment Request live mode requires SSL.
====End Log====


2020-01-31T15:49:03+00:00 DEBUG 
====Stripe Version: 4.3.1====
====Start Log====
Stripe Payment Request live mode requires SSL.
====End Log====


2020-01-31T15:49:03+00:00 DEBUG 
====Stripe Version: 4.3.1====
====Start Log====
Stripe Payment Request live mode requires SSL.
====End Log====


2020-01-31T15:49:03+00:00 DEBUG 
====Stripe Version: 4.3.1====
====Start Log====
Stripe Payment Request live mode requires SSL.
====End Log====


2020-01-31T15:49:07+00:00 DEBUG 
====Stripe Version: 4.3.1====
====Start Log====
Stripe Payment Request live mode requires SSL.
====End Log====


2020-01-31T16:08:26+00:00 DEBUG 
====Stripe Version: 4.3.1====
====Start Log====
Stripe Payment Request live mode requires SSL.
====End Log====


2020-01-31T16:17:42+00:00 DEBUG 
====Stripe Version: 4.3.1====
====Start Log====
Stripe Payment Request live mode requires SSL.
====End Log====


2020-01-31T16:36:02+00:00 DEBUG 
====Stripe Version: 4.3.1====
====Start Log====
Stripe Payment Request live mode requires SSL.
====End Log====


2020-01-31T16:36:05+00:00 DEBUG 
====Stripe Version: 4.3.1====
====Start Log====
Stripe Payment Request live mode requires SSL.
====End Log====


2020-01-31T16:36:19+00:00 DEBUG 
====Stripe Version: 4.3.1====
====Start Log====
Stripe Payment Request live mode requires SSL.
====End Log====


2020-01-31T16:39:48+00:00 DEBUG 
====Stripe Version: 4.3.1====
====Start Log====
Stripe Payment Request live mode requires SSL.
====End Log====


2020-01-31T16:39:51+00:00 DEBUG 
====Stripe Version: 4.3.1====
====Start Log====
Stripe Payment Request live mode requires SSL.
====End Log====


2020-01-31T16:39:54+00:00 DEBUG 
====Stripe Version: 4.3.1====
====Start Log====
Stripe Payment Request live mode requires SSL.
====End Log====


2020-01-31T16:39:57+00:00 DEBUG 
====Stripe Version: 4.3.1====
====Start Log====
Stripe Payment Request live mode requires SSL.
====End Log====


2020-01-31T16:39:59+00:00 DEBUG 
====Stripe Version: 4.3.1====
====Start Log====
Stripe Payment Request live mode requires SSL.
====End Log====


2020-01-31T16:39:59+00:00 DEBUG 
====Stripe Version: 4.3.1====
====Start Log====
Stripe Payment Request live mode requires SSL.
====End Log====


2020-01-31T16:40:10+00:00 DEBUG 
====Stripe Version: 4.3.1====
====Start Log====
Stripe Payment Request live mode requires SSL.
====End Log====


2020-01-31T16:40:11+00:00 DEBUG 
====Stripe Version: 4.3.1====
====Start Log====
Stripe Payment Request live mode requires SSL.
====End Log====


2020-01-31T16:40:13+00:00 DEBUG 
====Stripe Version: 4.3.1====
====Start Log====
Stripe Payment Request live mode requires SSL.
====End Log====


2020-01-31T16:40:18+00:00 DEBUG 
====Stripe Version: 4.3.1====
====Start Log====
Stripe Payment Request live mode requires SSL.
====End Log====


2020-01-31T16:51:50+00:00 DEBUG 
====Stripe Version: 4.3.1====
====Start Log====
Stripe Payment Request live mode requires SSL.
====End Log====


2020-01-31T17:48:47+00:00 DEBUG 
====Stripe Version: 4.3.1====
====Start Log====
Stripe Payment Request live mode requires SSL.
====End Log====


2020-01-31T17:59:37+00:00 DEBUG 
====Stripe Version: 4.3.1====
====Start Log====
Stripe Payment Request live mode requires SSL.
====End Log====


2020-01-31T18:09:42+00:00 DEBUG 
====Stripe Version: 4.3.1====
====Start Log====
Stripe Payment Request live mode requires SSL.
====End Log====


2020-01-31T18:14:10+00:00 DEBUG 
====Stripe Version: 4.3.1====
====Start Log====
Stripe Payment Request live mode requires SSL.
====End Log====


2020-01-31T18:22:12+00:00 DEBUG 
====Stripe Version: 4.3.1====
====Start Log====
Stripe Payment Request live mode requires SSL.
====End Log====


2020-01-31T18:22:14+00:00 DEBUG 
====Stripe Version: 4.3.1====
====Start Log====
Stripe Payment Request live mode requires SSL.
====End Log====


2020-01-31T18:22:47+00:00 DEBUG 
====Stripe Version: 4.3.1====
====Start Log====
Stripe Payment Request live mode requires SSL.
====End Log====


2020-01-31T19:08:45+00:00 DEBUG 
====Stripe Version: 4.3.1====
====Start Log====
Stripe Payment Request live mode requires SSL.
====End Log====


2020-01-31T19:11:38+00:00 DEBUG 
====Stripe Version: 4.3.1====
====Start Log====
Stripe Payment Request live mode requires SSL.
====End Log====


2020-01-31T19:23:00+00:00 DEBUG 
====Stripe Version: 4.3.1====
====Start Log====
Stripe Payment Request live mode requires SSL.
====End Log====


2020-01-31T19:33:25+00:00 DEBUG 
====Stripe Version: 4.3.1====
====Start Log====
Stripe Payment Request live mode requires SSL.
====End Log====


2020-01-31T19:43:41+00:00 DEBUG 
====Stripe Version: 4.3.1====
====Start Log====
Stripe Payment Request live mode requires SSL.
====End Log====


2020-01-31T19:43:47+00:00 DEBUG 
====Stripe Version: 4.3.1====
====Start Log====
Stripe Payment Request live mode requires SSL.
====End Log====


2020-01-31T19:43:48+00:00 DEBUG 
====Stripe Version: 4.3.1====
====Start Log====
Stripe Payment Request live mode requires SSL.
====End Log====


2020-01-31T19:43:51+00:00 DEBUG 
====Stripe Version: 4.3.1====
====Start Log====
Stripe Payment Request live mode requires SSL.
====End Log====


2020-01-31T19:43:54+00:00 DEBUG 
====Stripe Version: 4.3.1====
====Start Log====
Stripe Payment Request live mode requires SSL.
====End Log====


2020-01-31T19:43:55+00:00 DEBUG 
====Stripe Version: 4.3.1====
====Start Log====
Stripe Payment Request live mode requires SSL.
====End Log====


2020-01-31T19:44:17+00:00 DEBUG 
====Stripe Version: 4.3.1====
====Start Log====
Stripe Payment Request live mode requires SSL.
====End Log====


2020-01-31T19:44:18+00:00 DEBUG 
====Stripe Version: 4.3.1====
====Start Log====
Stripe Payment Request live mode requires SSL.
====End Log====


2020-01-31T19:44:18+00:00 DEBUG 
====Stripe Version: 4.3.1====
====Start Log====
Stripe Payment Request live mode requires SSL.
====End Log====


2020-01-31T19:51:40+00:00 DEBUG 
====Stripe Version: 4.3.1====
====Start Log====
Stripe Payment Request live mode requires SSL.
====End Log====


2020-01-31T20:00:35+00:00 DEBUG 
====Stripe Version: 4.3.1====
====Start Log====
Stripe Payment Request live mode requires SSL.
====End Log====


2020-01-31T20:00:50+00:00 DEBUG 
====Stripe Version: 4.3.1====
====Start Log====
Stripe Payment Request live mode requires SSL.
====End Log====


2020-01-31T20:00:52+00:00 DEBUG 
====Stripe Version: 4.3.1====
====Start Log====
Stripe Payment Request live mode requires SSL.
====End Log====


2020-01-31T20:01:58+00:00 DEBUG 
====Stripe Version: 4.3.1====
====Start Log====
Stripe Payment Request live mode requires SSL.
====End Log====


2020-01-31T20:09:28+00:00 DEBUG 
====Stripe Version: 4.3.1====
====Start Log====
Stripe Payment Request live mode requires SSL.
====End Log====


2020-01-31T20:09:35+00:00 DEBUG 
====Stripe Version: 4.3.1====
====Start Log====
Stripe Payment Request live mode requires SSL.
====End Log====


2020-01-31T20:09:37+00:00 DEBUG 
====Stripe Version: 4.3.1====
====Start Log====
Stripe Payment Request live mode requires SSL.
====End Log====


2020-01-31T20:12:43+00:00 DEBUG 
====Stripe Version: 4.3.1====
====Start Log====
Stripe Payment Request live mode requires SSL.
====End Log====


2020-01-31T20:39:56+00:00 DEBUG 
====Stripe Version: 4.3.1====
====Start Log====
Stripe Payment Request live mode requires SSL.
====End Log====


2020-01-31T20:40:06+00:00 DEBUG 
====Stripe Version: 4.3.1====
====Start Log====
Stripe Payment Request live mode requires SSL.
====End Log====


2020-01-31T20:40:15+00:00 DEBUG 
====Stripe Version: 4.3.1====
====Start Log====
Stripe Payment Request live mode requires SSL.
====End Log====


2020-01-31T20:40:16+00:00 DEBUG 
====Stripe Version: 4.3.1====
====Start Log====
Stripe Payment Request live mode requires SSL.
====End Log====


2020-01-31T20:40:18+00:00 DEBUG 
====Stripe Version: 4.3.1====
====Start Log====
Stripe Payment Request live mode requires SSL.
====End Log====


2020-01-31T20:40:19+00:00 DEBUG 
====Stripe Version: 4.3.1====
====Start Log====
Stripe Payment Request live mode requires SSL.
====End Log====


2020-01-31T20:40:20+00:00 DEBUG 
====Stripe Version: 4.3.1====
====Start Log====
Stripe Payment Request live mode requires SSL.
====End Log====


2020-01-31T20:40:22+00:00 DEBUG 
====Stripe Version: 4.3.1====
====Start Log====
Stripe Payment Request live mode requires SSL.
====End Log====


2020-01-31T20:40:22+00:00 DEBUG 
====Stripe Version: 4.3.1====
====Start Log====
Stripe Payment Request live mode requires SSL.
====End Log====


2020-01-31T20:40:23+00:00 DEBUG 
====Stripe Version: 4.3.1====
====Start Log====
Stripe Payment Request live mode requires SSL.
====End Log====


2020-01-31T20:40:24+00:00 DEBUG 
====Stripe Version: 4.3.1====
====Start Log====
Stripe Payment Request live mode requires SSL.
====End Log====


2020-01-31T20:40:25+00:00 DEBUG 
====Stripe Version: 4.3.1====
====Start Log====
Stripe Payment Request live mode requires SSL.
====End Log====


2020-01-31T20:40:26+00:00 DEBUG 
====Stripe Version: 4.3.1====
====Start Log====
Stripe Payment Request live mode requires SSL.
====End Log====


2020-01-31T20:48:56+00:00 DEBUG 
====Stripe Version: 4.3.1====
====Start Log====
Stripe Payment Request live mode requires SSL.
====End Log====


2020-01-31T20:49:04+00:00 DEBUG 
====Stripe Version: 4.3.1====
====Start Log====
Stripe Payment Request live mode requires SSL.
====End Log====


2020-01-31T20:49:09+00:00 DEBUG 
====Stripe Version: 4.3.1====
====Start Log====
Stripe Payment Request live mode requires SSL.
====End Log====


2020-01-31T20:49:28+00:00 DEBUG 
====Stripe Version: 4.3.1====
====Start Log====
Stripe Payment Request live mode requires SSL.
====End Log====


2020-01-31T20:50:13+00:00 DEBUG 
====Stripe Version: 4.3.1====
====Start Log====
Stripe Payment Request live mode requires SSL.
====End Log====


2020-01-31T20:50:14+00:00 DEBUG 
====Stripe Version: 4.3.1====
====Start Log====
Stripe Payment Request live mode requires SSL.
====End Log====


2020-01-31T20:50:15+00:00 DEBUG 
====Stripe Version: 4.3.1====
====Start Log====
Stripe Payment Request live mode requires SSL.
====End Log====


2020-01-31T20:50:42+00:00 DEBUG 
====Stripe Version: 4.3.1====
====Start Log====
Stripe Payment Request live mode requires SSL.
====End Log====


2020-01-31T20:50:51+00:00 DEBUG 
====Stripe Version: 4.3.1====
====Start Log====
Stripe Payment Request live mode requires SSL.
====End Log====


2020-01-31T20:51:06+00:00 DEBUG 
====Stripe Version: 4.3.1====
====Start Log====
Stripe Payment Request live mode requires SSL.
====End Log====


2020-01-31T20:51:22+00:00 DEBUG 
====Stripe Version: 4.3.1====
====Start Log====
Stripe Payment Request live mode requires SSL.
====End Log====


2020-01-31T20:51:46+00:00 DEBUG 
====Stripe Version: 4.3.1====
====Start Log====
Stripe Payment Request live mode requires SSL.
====End Log====


2020-01-31T20:52:13+00:00 DEBUG 
====Stripe Version: 4.3.1====
====Start Log====
Stripe Payment Request live mode requires SSL.
====End Log====


2020-01-31T20:53:15+00:00 DEBUG 
====Stripe Version: 4.3.1====
====Start Log====
Stripe Payment Request live mode requires SSL.
====End Log====


2020-01-31T20:53:18+00:00 DEBUG 
====Stripe Version: 4.3.1====
====Start Log====
Stripe Payment Request live mode requires SSL.
====End Log====


2020-01-31T20:53:25+00:00 DEBUG 
====Stripe Version: 4.3.1====
====Start Log====
Stripe Payment Request live mode requires SSL.
====End Log====


2020-01-31T20:53:32+00:00 DEBUG 
====Stripe Version: 4.3.1====
====Start Log====
Stripe Payment Request live mode requires SSL.
====End Log====


2020-01-31T20:53:47+00:00 DEBUG 
====Stripe Version: 4.3.1====
====Start Log====
Stripe Payment Request live mode requires SSL.
====End Log====


2020-01-31T20:53:50+00:00 DEBUG 
====Stripe Version: 4.3.1====
====Start Log====
Stripe Payment Request live mode requires SSL.
====End Log====


2020-01-31T20:53:54+00:00 DEBUG 
====Stripe Version: 4.3.1====
====Start Log====
Stripe Payment Request live mode requires SSL.
====End Log====


2020-01-31T20:54:01+00:00 DEBUG 
====Stripe Version: 4.3.1====
====Start Log====
Stripe Payment Request live mode requires SSL.
====End Log====


2020-01-31T20:54:16+00:00 DEBUG 
====Stripe Version: 4.3.1====
====Start Log====
Stripe Payment Request live mode requires SSL.
====End Log====


2020-01-31T20:54:37+00:00 DEBUG 
====Stripe Version: 4.3.1====
====Start Log====
Stripe Payment Request live mode requires SSL.
====End Log====


2020-01-31T20:54:58+00:00 DEBUG 
====Stripe Version: 4.3.1====
====Start Log====
Stripe Payment Request live mode requires SSL.
====End Log====


2020-01-31T20:55:12+00:00 DEBUG 
====Stripe Version: 4.3.1====
====Start Log====
Stripe Payment Request live mode requires SSL.
====End Log====


2020-01-31T20:55:37+00:00 DEBUG 
====Stripe Version: 4.3.1====
====Start Log====
Stripe Payment Request live mode requires SSL.
====End Log====


2020-01-31T20:56:01+00:00 DEBUG 
====Stripe Version: 4.3.1====
====Start Log====
Stripe Payment Request live mode requires SSL.
====End Log====


2020-01-31T20:56:02+00:00 DEBUG 
====Stripe Version: 4.3.1====
====Start Log====
Stripe Payment Request live mode requires SSL.
====End Log====


2020-01-31T20:56:04+00:00 DEBUG 
====Stripe Version: 4.3.1====
====Start Log====
Stripe Payment Request live mode requires SSL.
====End Log====


2020-01-31T20:56:08+00:00 DEBUG 
====Stripe Version: 4.3.1====
====Start Log====
Stripe Payment Request live mode requires SSL.
====End Log====


2020-01-31T20:56:16+00:00 DEBUG 
====Stripe Version: 4.3.1====
====Start Log====
Stripe Payment Request live mode requires SSL.
====End Log====


2020-01-31T20:56:46+00:00 DEBUG 
====Stripe Version: 4.3.1====
====Start Log====
Stripe Payment Request live mode requires SSL.
====End Log====


2020-01-31T20:57:08+00:00 DEBUG 
====Stripe Version: 4.3.1====
====Start Log====
Stripe Payment Request live mode requires SSL.
====End Log====


2020-01-31T21:03:12+00:00 DEBUG 
====Stripe Version: 4.3.1====
====Start Log====
Stripe Payment Request live mode requires SSL.
====End Log====


2020-01-31T21:03:43+00:00 DEBUG 
====Stripe Version: 4.3.1====
====Start Log====
Stripe Payment Request live mode requires SSL.
====End Log====


2020-01-31T21:25:11+00:00 DEBUG 
====Stripe Version: 4.3.1====
====Start Log====
Stripe Payment Request live mode requires SSL.
====End Log====


2020-01-31T21:41:52+00:00 DEBUG 
====Stripe Version: 4.3.1====
====Start Log====
Stripe Payment Request live mode requires SSL.
====End Log====


2020-01-31T21:43:43+00:00 DEBUG 
====Stripe Version: 4.3.1====
====Start Log====
Stripe Payment Request live mode requires SSL.
====End Log====


2020-01-31T21:44:21+00:00 DEBUG 
====Stripe Version: 4.3.1====
====Start Log====
Stripe Payment Request live mode requires SSL.
====End Log====


2020-01-31T21:50:02+00:00 DEBUG 
====Stripe Version: 4.3.1====
====Start Log====
Stripe Payment Request live mode requires SSL.
====End Log====


2020-01-31T21:52:56+00:00 DEBUG 
====Stripe Version: 4.3.1====
====Start Log====
Stripe Payment Request live mode requires SSL.
====End Log====


2020-01-31T21:53:08+00:00 DEBUG 
====Stripe Version: 4.3.1====
====Start Log====
Stripe Payment Request live mode requires SSL.
====End Log====


2020-01-31T21:55:16+00:00 DEBUG 
====Stripe Version: 4.3.1====
====Start Log====
Stripe Payment Request live mode requires SSL.
====End Log====


2020-01-31T21:56:11+00:00 DEBUG 
====Stripe Version: 4.3.1====
====Start Log====
Stripe Payment Request live mode requires SSL.
====End Log====


2020-01-31T21:56:13+00:00 DEBUG 
====Stripe Version: 4.3.1====
====Start Log====
Stripe Payment Request live mode requires SSL.
====End Log====


2020-01-31T21:56:13+00:00 DEBUG 
====Stripe Version: 4.3.1====
====Start Log====
Stripe Payment Request live mode requires SSL.
====End Log====


2020-01-31T21:56:23+00:00 DEBUG 
====Stripe Version: 4.3.1====
====Start Log====
Stripe Payment Request live mode requires SSL.
====End Log====


2020-01-31T21:56:24+00:00 DEBUG 
====Stripe Version: 4.3.1====
====Start Log====
Stripe Payment Request live mode requires SSL.
====End Log====


2020-01-31T21:58:39+00:00 DEBUG 
====Stripe Version: 4.3.1====
====Start Log====
Stripe Payment Request live mode requires SSL.
====End Log====


2020-01-31T22:01:28+00:00 DEBUG 
====Stripe Version: 4.3.1====
====Start Log====
Stripe Payment Request live mode requires SSL.
====End Log====


2020-01-31T22:03:20+00:00 DEBUG 
====Stripe Version: 4.3.1====
====Start Log====
Stripe Payment Request live mode requires SSL.
====End Log====


2020-01-31T22:04:35+00:00 DEBUG 
====Stripe Version: 4.3.1====
====Start Log====
Stripe Payment Request live mode requires SSL.
====End Log====


2020-01-31T22:05:02+00:00 DEBUG 
====Stripe Version: 4.3.1====
====Start Log====
Stripe Payment Request live mode requires SSL.
====End Log====


2020-01-31T22:06:57+00:00 DEBUG 
====Stripe Version: 4.3.1====
====Start Log====
Stripe Payment Request live mode requires SSL.
====End Log====


2020-01-31T22:09:45+00:00 DEBUG 
====Stripe Version: 4.3.1====
====Start Log====
Stripe Payment Request live mode requires SSL.
====End Log====


2020-01-31T22:10:53+00:00 DEBUG 
====Stripe Version: 4.3.1====
====Start Log====
Stripe Payment Request live mode requires SSL.
====End Log====


2020-01-31T22:25:31+00:00 DEBUG 
====Stripe Version: 4.3.1====
====Start Log====
Stripe Payment Request live mode requires SSL.
====End Log====


2020-01-31T22:25:32+00:00 DEBUG 
====Stripe Version: 4.3.1====
====Start Log====
Stripe Payment Request live mode requires SSL.
====End Log====


2020-01-31T22:37:28+00:00 DEBUG 
====Stripe Version: 4.3.1====
====Start Log====
Stripe Payment Request live mode requires SSL.
====End Log====


2020-01-31T22:47:17+00:00 DEBUG 
====Stripe Version: 4.3.1====
====Start Log====
Stripe Payment Request live mode requires SSL.
====End Log====


2020-01-31T23:06:54+00:00 DEBUG 
====Stripe Version: 4.3.1====
====Start Log====
customers/cus_GdwzeM1kFnVIyh/sources request: Array
(
    [limit] => 100
)

====End Log====


2020-01-31T23:06:55+00:00 DEBUG 
====Stripe Version: 4.3.1====
====Start Log====
customers/cus_GdwzeM1kFnVIyh/sources request: Array
(
    [limit] => 100
)

====End Log====


2020-01-31T23:07:13+00:00 DEBUG 
====Stripe Version: 4.3.1====
====Start Log====
customers/cus_GdwzeM1kFnVIyh/sources request: Array
(
    [limit] => 100
)

====End Log====


2020-01-31T23:07:14+00:00 DEBUG 
====Stripe Version: 4.3.1====
====Start Log====
customers/cus_GdwzeM1kFnVIyh/sources request: Array
(
    [limit] => 100
)

====End Log====


2020-01-31T23:08:00+00:00 DEBUG 
====Stripe Version: 4.3.1====
====Start Log====
payment_intents/pi_1G6f5fHqBUA0yb1i2xMHgRCb request: Array
(
)

====End Log====


2020-01-31T23:08:01+00:00 DEBUG 
====Stripe Version: 4.3.1====
====Start Log====
sources/src_1G78agI9FfU8bmkZLbYkaN5s
====End Log====


2020-01-31T23:08:01+00:00 DEBUG 
====Stripe Version: 4.3.1====
====Start Log====
customers/cus_GdwzeM1kFnVIyh request: Array
(
    [email] => wrdw92@gmail.com
    [description] => Name: Willie Williams, Username: Willie
    [metadata] => Array
        (
        )

)

====End Log====


2020-01-31T23:08:01+00:00 DEBUG 
====Stripe Version: 4.3.1====
====Start Log====
Error: stdClass Object
(
    [error] => stdClass Object
        (
            [code] => resource_missing
            [doc_url] => https://stripe.com/docs/error-codes/resource-missing
            [message] => No such customer: cus_GdwzeM1kFnVIyh
            [param] => id
            [type] => invalid_request_error
        )

)

====End Log====


2020-01-31T23:09:38+00:00 DEBUG 
====Stripe Version: 4.3.1====
====Start Log====
Stripe Payment Request live mode requires SSL.
====End Log====


2020-01-31T23:14:41+00:00 DEBUG 
====Stripe Version: 4.3.1====
====Start Log====
customers/cus_GdwzeM1kFnVIyh/sources request: Array
(
    [limit] => 100
)

====End Log====


2020-01-31T23:14:41+00:00 DEBUG 
====Stripe Version: 4.3.1====
====Start Log====
customers/cus_GdwzeM1kFnVIyh/sources request: Array
(
    [limit] => 100
)

====End Log====


2020-01-31T23:15:04+00:00 DEBUG 
====Stripe Version: 4.3.1====
====Start Log====
customers/cus_GdwzeM1kFnVIyh/sources request: Array
(
    [limit] => 100
)

====End Log====


2020-01-31T23:15:04+00:00 DEBUG 
====Stripe Version: 4.3.1====
====Start Log====
customers/cus_GdwzeM1kFnVIyh/sources request: Array
(
    [limit] => 100
)

====End Log====


2020-01-31T23:15:06+00:00 DEBUG 
====Stripe Version: 4.3.1====
====Start Log====
customers/cus_GdwzeM1kFnVIyh/sources request: Array
(
    [limit] => 100
)

====End Log====


2020-01-31T23:15:06+00:00 DEBUG 
====Stripe Version: 4.3.1====
====Start Log====
customers/cus_GdwzeM1kFnVIyh/sources request: Array
(
    [limit] => 100
)

====End Log====


2020-01-31T23:15:30+00:00 DEBUG 
====Stripe Version: 4.3.1====
====Start Log====
payment_intents/pi_1G6f5fHqBUA0yb1i2xMHgRCb request: Array
(
)

====End Log====


2020-01-31T23:15:31+00:00 DEBUG 
====Stripe Version: 4.3.1====
====Start Log====
sources/src_1G78hxI9FfU8bmkZyKfyNBl7
====End Log====


2020-01-31T23:15:31+00:00 DEBUG 
====Stripe Version: 4.3.1====
====Start Log====
customers/cus_GdwzeM1kFnVIyh request: Array
(
    [email] => wrdw92@gmail.com
    [description] => Name: Willie Williams, Username: Willie
    [metadata] => Array
        (
        )

)

====End Log====


2020-01-31T23:15:31+00:00 DEBUG 
====Stripe Version: 4.3.1====
====Start Log====
Error: stdClass Object
(
    [error] => stdClass Object
        (
            [code] => resource_missing
            [doc_url] => https://stripe.com/docs/error-codes/resource-missing
            [message] => No such customer: cus_GdwzeM1kFnVIyh
            [param] => id
            [type] => invalid_request_error
        )

)

====End Log====


2020-01-31T23:32:06+00:00 DEBUG 
====Stripe Version: 4.3.1====
====Start Log====
Stripe Payment Request live mode requires SSL.
====End Log====


2020-01-31T23:32:08+00:00 DEBUG 
====Stripe Version: 4.3.1====
====Start Log====
Stripe Payment Request live mode requires SSL.
====End Log====


2020-01-31T23:36:38+00:00 DEBUG 
====Stripe Version: 4.3.1====
====Start Log====
Stripe Payment Request live mode requires SSL.
====End Log====


2020-01-31T23:53:45+00:00 DEBUG 
====Stripe Version: 4.3.1====
====Start Log====
Stripe Payment Request live mode requires SSL.
====End Log====


2020-01-31T23:54:04+00:00 DEBUG 
====Stripe Version: 4.3.1====
====Start Log====
Stripe Payment Request live mode requires SSL.
====End Log====


2020-01-31T23:54:05+00:00 DEBUG 
====Stripe Version: 4.3.1====
====Start Log====
Stripe Payment Request live mode requires SSL.
====End Log====


2020-01-31T23:58:09+00:00 DEBUG 
====Stripe Version: 4.3.1====
====Start Log====
Stripe Payment Request live mode requires SSL.
====End Log====


